Received: from: "06bffffff8b4567" to: "ActionsService" operationName: "EditElement" payload: "\n&\n$45db0949-182d-4840-a3d9-6fde92dc5698\022\000\032\tgroup2mod\"\006rsdmod"
Sent: from: "ActionsService" to: "06bffffff8b4567" operationName: "EditElement" payload: "\010\001"
Received: from: "06bffffff8b4567" to: "ActionsService" operationName: "EditElement" payload: "\n&\n$6014d71d-3a56-4798-b29f-62504b3f6d34\022&\n$aa08c50d-011a-42cc-9c18-9dfe44e30708\032\017subgrouptaskmod\"\007gfdgmod"
Sent: from: "ActionsService" to: "06bffffff8b4567" operationName: "EditElement" payload: "\010\001"
Received: from: "06bffffff8b4567" to: "ActionsService" operationName: "GetParentlessElements"
Sent: from: "ActionsService" to: "06bffffff8b4567" operationName: "GetParentlessElements" payload: "\n=\n&\n$c548a318-c586-4688-90ee-72f7e0ac7ec3\032\006group1\"\tdgcdgcdsg(\001\n=\n&\n$45db0949-182d-4840-a3d9-6fde92dc5698\022\000\032\tgroup2mod\"\006rsdmod"
Received: from: "06bffffff8b4567" to: "ActionsService" operationName: "GetChildren" payload: "\n$c548a318-c586-4688-90ee-72f7e0ac7ec3"
Sent: from: "ActionsService" to: "06bffffff8b4567" operationName: "GetChildren" payload: "\n`\n&\n$e085ae10-8c89-476c-9946-51acc71e2525\022&\n$c548a318-c586-4688-90ee-72f7e0ac7ec3\032\010taskg0t1\"\004dffg\nc\n&\n$aa08c50d-011a-42cc-9c18-9dfe44e30708\022&\n$c548a318-c586-4688-90ee-72f7e0ac7ec3\032\010subgroup\"\005fdgdf(\001\n_\n&\n$bb449d0d-1214-4fd6-bb4e-2b7167e75583\022&\n$c548a318-c586-4688-90ee-72f7e0ac7ec3\032\010taskg0t2\"\003wer"
Received: from: "06bffffff8b4567" to: "ActionsService" operationName: "GetChildren" payload: "\n$aa08c50d-011a-42cc-9c18-9dfe44e30708"
Sent: from: "ActionsService" to: "06bffffff8b4567" operationName: "GetChildren" payload: "\nj\n&\n$6014d71d-3a56-4798-b29f-62504b3f6d34\022&\n$aa08c50d-011a-42cc-9c18-9dfe44e30708\032\017subgrouptaskmod\"\007gfdgmod"
Received: from: "06bffffff8b4568" to: "ActionsService" operationName: "EditElement" payload: "\n&\n$aa08c50d-011a-42cc-9c18-9dfe44e30708\022&\n$c548a318-c586-4688-90ee-72f7e0ac7ec3\032\013subgroupmod\"\010fdgdfmod(\001"
Sent: from: "ActionsService" to: "06bffffff8b4568" operationName: "EditElement" payload: "\010\001"
Received: from: "06bffffff8b4568" to: "ActionsService" operationName: "GetParentlessElements"
Sent: from: "ActionsService" to: "06bffffff8b4568" operationName: "GetParentlessElements" payload: "\n=\n&\n$c548a318-c586-4688-90ee-72f7e0ac7ec3\032\006group1\"\tdgcdgcdsg(\001\n=\n&\n$45db0949-182d-4840-a3d9-6fde92dc5698\022\000\032\tgroup2mod\"\006rsdmod"
Received: from: "06bffffff8b4568" to: "ActionsService" operationName: "GetChildren" payload: "\n$c548a318-c586-4688-90ee-72f7e0ac7ec3"
Sent: from: "ActionsService" to: "06bffffff8b4568" operationName: "GetChildren" payload: "\n`\n&\n$e085ae10-8c89-476c-9946-51acc71e2525\022&\n$c548a318-c586-4688-90ee-72f7e0ac7ec3\032\010taskg0t1\"\004dffg\ni\n&\n$aa08c50d-011a-42cc-9c18-9dfe44e30708\022&\n$c548a318-c586-4688-90ee-72f7e0ac7ec3\032\013subgroupmod\"\010fdgdfmod(\001\n_\n&\n$bb449d0d-1214-4fd6-bb4e-2b7167e75583\022&\n$c548a318-c586-4688-90ee-72f7e0ac7ec3\032\010taskg0t2\"\003wer"
Received: from: "06bffffff8b4568" to: "ActionsService" operationName: "GetChildren" payload: "\n$aa08c50d-011a-42cc-9c18-9dfe44e30708"
Sent: from: "ActionsService" to: "06bffffff8b4568" operationName: "GetChildren" payload: "\nj\n&\n$6014d71d-3a56-4798-b29f-62504b3f6d34\022&\n$aa08c50d-011a-42cc-9c18-9dfe44e30708\032\017subgrouptaskmod\"\007gfdgmod"
Received: from: "06bffffff8b4569" to: "ActionsService" operationName: "DeleteElement" payload: "\n$45db0949-182d-4840-a3d9-6fde92dc5698"
Sent: from: "ActionsService" to: "06bffffff8b4569" operationName: "DeleteElement" payload: "\010\001"
Received: from: "06bffffff8b4569" to: "ActionsService" operationName: "DeleteElement" payload: "\n$aa08c50d-011a-42cc-9c18-9dfe44e30708"
Sent: from: "ActionsService" to: "06bffffff8b4569" operationName: "DeleteElement" payload: "\010\001"
Received: from: "06bffffff8b4569" to: "ActionsService" operationName: "GetParentlessElements"
Sent: from: "ActionsService" to: "06bffffff8b4569" operationName: "GetParentlessElements" payload: "\n=\n&\n$c548a318-c586-4688-90ee-72f7e0ac7ec3\032\006group1\"\tdgcdgcdsg(\001"
Received: from: "06bffffff8b4569" to: "ActionsService" operationName: "GetChildren" payload: "\n$c548a318-c586-4688-90ee-72f7e0ac7ec3"
Sent: from: "ActionsService" to: "06bffffff8b4569" operationName: "GetChildren" payload: "\n`\n&\n$e085ae10-8c89-476c-9946-51acc71e2525\022&\n$c548a318-c586-4688-90ee-72f7e0ac7ec3\032\010taskg0t1\"\004dffg\n_\n&\n$bb449d0d-1214-4fd6-bb4e-2b7167e75583\022&\n$c548a318-c586-4688-90ee-72f7e0ac7ec3\032\010taskg0t2\"\003wer"
Received: from: "06bffffff8b456a" to: "ActionsService" operationName: "AddElement" payload: "\n\003\n\0011\022\000\032\003ggg\"\003cff(\001"
Sent: from: "ActionsService" to: "06bffffff8b456a" operationName: "AddElement" payload: "\n$d08f1860-41b9-4b37-95fd-8901dbebc252"
Received: from: "06bffffff8b456a" to: "ActionsService" operationName: "GetParentlessElements"
Sent: from: "ActionsService" to: "06bffffff8b456a" operationName: "GetParentlessElements" payload: "\n=\n&\n$c548a318-c586-4688-90ee-72f7e0ac7ec3\032\006group1\"\tdgcdgcdsg(\001\n6\n&\n$d08f1860-41b9-4b37-95fd-8901dbebc252\022\000\032\003ggg\"\003cff(\001"
Received: from: "06bffffff8b456a" to: "ActionsService" operationName: "GetChildren" payload: "\n$c548a318-c586-4688-90ee-72f7e0ac7ec3"
Sent: from: "ActionsService" to: "06bffffff8b456a" operationName: "GetChildren" payload: "\n`\n&\n$e085ae10-8c89-476c-9946-51acc71e2525\022&\n$c548a318-c586-4688-90ee-72f7e0ac7ec3\032\010taskg0t1\"\004dffg\n_\n&\n$bb449d0d-1214-4fd6-bb4e-2b7167e75583\022&\n$c548a318-c586-4688-90ee-72f7e0ac7ec3\032\010taskg0t2\"\003wer"
Received: from: "06bffffff8b456a" to: "ActionsService" operationName: "GetChildren" payload: "\n$d08f1860-41b9-4b37-95fd-8901dbebc252"
Sent: from: "ActionsService" to: "06bffffff8b456a" operationName: "GetChildren"
Received: from: "06bffffff8b456b" to: "ActionsService" operationName: "AddElement" payload: "\n\003\n\0011\022&\n$c548a318-c586-4688-90ee-72f7e0ac7ec3\032\004gftj\"\004ftib(\001"
Sent: from: "ActionsService" to: "06bffffff8b456b" operationName: "AddElement" payload: "\n$7c283498-5c35-410c-afeb-c617f0b17b66"
Received: from: "06bffffff8b456b" to: "ActionsService" operationName: "GetParentlessElements"
Sent: from: "ActionsService" to: "06bffffff8b456b" operationName: "GetParentlessElements" payload: "\n=\n&\n$c548a318-c586-4688-90ee-72f7e0ac7ec3\032\006group1\"\tdgcdgcdsg(\001\n6\n&\n$d08f1860-41b9-4b37-95fd-8901dbebc252\022\000\032\003ggg\"\003cff(\001"
Received: from: "06bffffff8b456b" to: "ActionsService" operationName: "GetChildren" payload: "\n$c548a318-c586-4688-90ee-72f7e0ac7ec3"
Sent: from: "ActionsService" to: "06bffffff8b456b" operationName: "GetChildren" payload: "\n`\n&\n$e085ae10-8c89-476c-9946-51acc71e2525\022&\n$c548a318-c586-4688-90ee-72f7e0ac7ec3\032\010taskg0t1\"\004dffg\n_\n&\n$bb449d0d-1214-4fd6-bb4e-2b7167e75583\022&\n$c548a318-c586-4688-90ee-72f7e0ac7ec3\032\010taskg0t2\"\003wer\n^\n&\n$7c283498-5c35-410c-afeb-c617f0b17b66\022&\n$c548a318-c586-4688-90ee-72f7e0ac7ec3\032\004gftj\"\004ftib(\001"
Received: from: "06bffffff8b456b" to: "ActionsService" operationName: "GetChildren" payload: "\n$7c283498-5c35-410c-afeb-c617f0b17b66"
Sent: from: "ActionsService" to: "06bffffff8b456b" operationName: "GetChildren"
Received: from: "06bffffff8b456b" to: "ActionsService" operationName: "GetChildren" payload: "\n$d08f1860-41b9-4b37-95fd-8901dbebc252"
Sent: from: "ActionsService" to: "06bffffff8b456b" operationName: "GetChildren"
Received: from: "06bffffff8b456b" to: "ActionsService" operationName: "GetParentlessElements"
Sent: from: "ActionsService" to: "06bffffff8b456b" operationName: "GetParentlessElements" payload: "\n=\n&\n$c548a318-c586-4688-90ee-72f7e0ac7ec3\032\006group1\"\tdgcdgcdsg(\001\n6\n&\n$d08f1860-41b9-4b37-95fd-8901dbebc252\022\000\032\003ggg\"\003cff(\001"
Received: from: "06bffffff8b456b" to: "ActionsService" operationName: "GetChildren" payload: "\n$c548a318-c586-4688-90ee-72f7e0ac7ec3"
Sent: from: "ActionsService" to: "06bffffff8b456b" operationName: "GetChildren" payload: "\n`\n&\n$e085ae10-8c89-476c-9946-51acc71e2525\022&\n$c548a318-c586-4688-90ee-72f7e0ac7ec3\032\010taskg0t1\"\004dffg\n_\n&\n$bb449d0d-1214-4fd6-bb4e-2b7167e75583\022&\n$c548a318-c586-4688-90ee-72f7e0ac7ec3\032\010taskg0t2\"\003wer\n^\n&\n$7c283498-5c35-410c-afeb-c617f0b17b66\022&\n$c548a318-c586-4688-90ee-72f7e0ac7ec3\032\004gftj\"\004ftib(\001"
Received: from: "06bffffff8b456b" to: "ActionsService" operationName: "GetChildren" payload: "\n$7c283498-5c35-410c-afeb-c617f0b17b66"
Sent: from: "ActionsService" to: "06bffffff8b456b" operationName: "GetChildren"
Received: from: "06bffffff8b456b" to: "ActionsService" operationName: "GetChildren" payload: "\n$d08f1860-41b9-4b37-95fd-8901dbebc252"
Sent: from: "ActionsService" to: "06bffffff8b456b" operationName: "GetChildren"
Received: from: "06bffffff8b456c" to: "ActionsService" operationName: "AddElement" payload: "\n\003\n\0011\032\002g1"
Sent: from: "ActionsService" to: "06bffffff8b456c" operationName: "AddElement" payload: "\n$4ffa1d91-6b05-485e-917c-5ccfcb8c397c"
Received: from: "06bffffff8b456c" to: "ActionsService" operationName: "AddElement" payload: "\n\003\n\0012\032\002g1"
Sent: from: "ActionsService" to: "06bffffff8b456c" operationName: "AddElement" payload: "\n$099efeba-4797-4e98-b382-425bc23f6018"
Received: from: "06bffffff8b456c" to: "ActionsService" operationName: "AddElement" payload: "\n\003\n\0013\032\003gr1(\001"
Sent: from: "ActionsService" to: "06bffffff8b456c" operationName: "AddElement" payload: "\n$d7138c5e-d512-4d59-9e55-c688446d3097"
Received: from: "06bffffff8b456c" to: "ActionsService" operationName: "AddElement" payload: "\n\003\n\0014\032\003gr2(\001"
Sent: from: "ActionsService" to: "06bffffff8b456c" operationName: "AddElement" payload: "\n$82d83d8b-4082-408d-ac91-f55c95023e61"
Received: from: "06bffffff8b456c" to: "ActionsService" operationName: "AddElement" payload: "\n\003\n\0015\022&\n$d7138c5e-d512-4d59-9e55-c688446d3097\032\002t1"
Sent: from: "ActionsService" to: "06bffffff8b456c" operationName: "AddElement" payload: "\n$da0256d9-923e-479e-8957-30469352a8f8"
Received: from: "06bffffff8b456c" to: "ActionsService" operationName: "AddElement" payload: "\n\003\n\0016\022&\n$d7138c5e-d512-4d59-9e55-c688446d3097\032\002t1"
Sent: from: "ActionsService" to: "06bffffff8b456c" operationName: "AddElement" payload: "\n$da91c536-74f4-4982-a2da-98050a156bb5"
Received: from: "06bffffff8b456c" to: "ActionsService" operationName: "AddElement" payload: "\n\003\n\0017\022&\n$82d83d8b-4082-408d-ac91-f55c95023e61\032\002t2"
Sent: from: "ActionsService" to: "06bffffff8b456c" operationName: "AddElement" payload: "\n$3bb98c9d-bd97-4c3e-b846-d39fcb752dbe"
Received: from: "06bffffff8b456c" to: "ActionsService" operationName: "AddElement" payload: "\n\003\n\0018\022&\n$82d83d8b-4082-408d-ac91-f55c95023e61\032\002t2"
Sent: from: "ActionsService" to: "06bffffff8b456c" operationName: "AddElement" payload: "\n$0d52c0ce-04ad-4fa2-af66-6162fd7f2d3d"
Received: from: "06bffffff8b456c" to: "ActionsService" operationName: "GetParentlessElements"
Sent: from: "ActionsService" to: "06bffffff8b456c" operationName: "GetParentlessElements" payload: "\n/\n&\n$82d83d8b-4082-408d-ac91-f55c95023e61\032\003gr2(\001\n=\n&\n$c548a318-c586-4688-90ee-72f7e0ac7ec3\032\006group1\"\tdgcdgcdsg(\001\n,\n&\n$099efeba-4797-4e98-b382-425bc23f6018\032\002g1\n/\n&\n$d7138c5e-d512-4d59-9e55-c688446d3097\032\003gr1(\001\n6\n&\n$d08f1860-41b9-4b37-95fd-8901dbebc252\022\000\032\003ggg\"\003cff(\001\n,\n&\n$4ffa1d91-6b05-485e-917c-5ccfcb8c397c\032\002g1"
Received: from: "06bffffff8b456c" to: "ActionsService" operationName: "GetChildren" payload: "\n$82d83d8b-4082-408d-ac91-f55c95023e61"
Sent: from: "ActionsService" to: "06bffffff8b456c" operationName: "GetChildren" payload: "\nT\n&\n$0d52c0ce-04ad-4fa2-af66-6162fd7f2d3d\022&\n$82d83d8b-4082-408d-ac91-f55c95023e61\032\002t2\nT\n&\n$3bb98c9d-bd97-4c3e-b846-d39fcb752dbe\022&\n$82d83d8b-4082-408d-ac91-f55c95023e61\032\002t2"
Received: from: "06bffffff8b456c" to: "ActionsService" operationName: "GetChildren" payload: "\n$c548a318-c586-4688-90ee-72f7e0ac7ec3"
Sent: from: "ActionsService" to: "06bffffff8b456c" operationName: "GetChildren" payload: "\n`\n&\n$e085ae10-8c89-476c-9946-51acc71e2525\022&\n$c548a318-c586-4688-90ee-72f7e0ac7ec3\032\010taskg0t1\"\004dffg\n_\n&\n$bb449d0d-1214-4fd6-bb4e-2b7167e75583\022&\n$c548a318-c586-4688-90ee-72f7e0ac7ec3\032\010taskg0t2\"\003wer\n^\n&\n$7c283498-5c35-410c-afeb-c617f0b17b66\022&\n$c548a318-c586-4688-90ee-72f7e0ac7ec3\032\004gftj\"\004ftib(\001"
Received: from: "06bffffff8b456c" to: "ActionsService" operationName: "GetChildren" payload: "\n$7c283498-5c35-410c-afeb-c617f0b17b66"
Sent: from: "ActionsService" to: "06bffffff8b456c" operationName: "GetChildren"
Received: from: "06bffffff8b456c" to: "ActionsService" operationName: "GetChildren" payload: "\n$d7138c5e-d512-4d59-9e55-c688446d3097"
Sent: from: "ActionsService" to: "06bffffff8b456c" operationName: "GetChildren" payload: "\nT\n&\n$da0256d9-923e-479e-8957-30469352a8f8\022&\n$d7138c5e-d512-4d59-9e55-c688446d3097\032\002t1\nT\n&\n$da91c536-74f4-4982-a2da-98050a156bb5\022&\n$d7138c5e-d512-4d59-9e55-c688446d3097\032\002t1"
Received: from: "06bffffff8b456c" to: "ActionsService" operationName: "GetChildren" payload: "\n$d08f1860-41b9-4b37-95fd-8901dbebc252"
Sent: from: "ActionsService" to: "06bffffff8b456c" operationName: "GetChildren"
