Received: from: "06bffffff8b4567" to: "DatabaseService" operationName: "AddDocument" payload: "\n-\n$42ff791a-5db6-4f24-8389-91cb8501f795\022\005INBOX\022\022{\"content\":\"text\"}"
Sent: from: "DatabaseService" to: "06bffffff8b4567" operationName: "AddDocument" payload: "\n$42ff791a-5db6-4f24-8389-91cb8501f795"
Received: from: "06bffffff8b4567" to: "DatabaseService" operationName: "SearchDocuments" payload: "\022\005INBOX"
Sent: from: "DatabaseService" to: "06bffffff8b4567" operationName: "SearchDocuments" payload: "\nG\n-\n$42ff791a-5db6-4f24-8389-91cb8501f795\022\005INBOX\022\026{ \"content\" : \"text\" }"
Received: from: "06bffffff8b4567" to: "DatabaseService" operationName: "DeleteDocument" payload: "\n$42ff791a-5db6-4f24-8389-91cb8501f795\022\005INBOX"
Sent: from: "DatabaseService" to: "06bffffff8b4567" operationName: "DeleteDocument" payload: "\010\001"
Received: from: "06bffffff8b4567" to: "DatabaseService" operationName: "SearchDocuments" payload: "\022\005INBOX"
Sent: from: "DatabaseService" to: "06bffffff8b4567" operationName: "SearchDocuments"
Received: from: "06bffffff8b4567" to: "DatabaseService" operationName: "DeleteDocument" payload: "\n\00250\022\005INBOX"
Sent: from: "DatabaseService" to: "06bffffff8b4567" operationName: "DeleteDocument"
Received: from: "06bffffff8b4567" to: "DatabaseService" operationName: "SearchDocuments" payload: "\022\005INBOX"
Sent: from: "DatabaseService" to: "06bffffff8b4567" operationName: "SearchDocuments"
Received: from: "06bffffff8b4567" to: "DatabaseService" operationName: "ModifyDocument" payload: "\n\013\n\00250\022\005INBOX\022\022{\"content\":\"text\"}"
Sent: from: "DatabaseService" to: "06bffffff8b4567" operationName: "ModifyDocument"
Received: from: "06bffffff8b4567" to: "DatabaseService" operationName: "SearchDocuments" payload: "\022\005INBOX"
Sent: from: "DatabaseService" to: "06bffffff8b4567" operationName: "SearchDocuments"
Received: from: "06bffffff8b4567" to: "DatabaseService" operationName: "AddDocument" payload: "\n-\n$b2bc57da-c87a-4501-80bf-b8a66995a6b7\022\005INBOX\022\022{\"content\":\"text\"}"
Sent: from: "DatabaseService" to: "06bffffff8b4567" operationName: "AddDocument" payload: "\n$b2bc57da-c87a-4501-80bf-b8a66995a6b7"
Received: from: "06bffffff8b4567" to: "DatabaseService" operationName: "ModifyDocument" payload: "\n-\n$b2bc57da-c87a-4501-80bf-b8a66995a6b7\022\005INBOX\022\030{\"content\":\"other_text\"}"
Sent: from: "DatabaseService" to: "06bffffff8b4567" operationName: "ModifyDocument" payload: "\010\001"
Received: from: "06bffffff8b4567" to: "DatabaseService" operationName: "SearchDocuments" payload: "\022\005INBOX"
Sent: from: "DatabaseService" to: "06bffffff8b4567" operationName: "SearchDocuments" payload: "\nM\n-\n$b2bc57da-c87a-4501-80bf-b8a66995a6b7\022\005INBOX\022\034{ \"content\" : \"other_text\" }"
Received: from: "06bffffff8b4567" to: "DatabaseService" operationName: "DeleteDocument" payload: "\n$b2bc57da-c87a-4501-80bf-b8a66995a6b7\022\005INBOX"
Sent: from: "DatabaseService" to: "06bffffff8b4567" operationName: "DeleteDocument" payload: "\010\001"
Received: from: "06bffffff8b4567" to: "DatabaseService" operationName: "SearchDocuments" payload: "\022\005INBOX"
Sent: from: "DatabaseService" to: "06bffffff8b4567" operationName: "SearchDocuments"
Received: from: "06bffffff8b4568" to: "DatabaseService" operationName: "AddDocument" payload: "\n/\n$7a1da133-20e3-4391-af96-e08467aeab81\022\007ACTIONS\022s{\"id\":\"7a1da133-20e3-4391-af96-e08467aeab81\",\"parent_id\":\"\",\"title\":\"text\",\"description\":\"description\",\"type\":\"0\"}\n"
Sent: from: "DatabaseService" to: "06bffffff8b4568" operationName: "AddDocument" payload: "\n$7a1da133-20e3-4391-af96-e08467aeab81"
Received: from: "06bffffff8b4568" to: "DatabaseService" operationName: "AddDocument" payload: "\n/\n$8ba56725-0141-4f04-9f5b-35f198d8ec72\022\007ACTIONS\022u{\"id\":\"8ba56725-0141-4f04-9f5b-35f198d8ec72\",\"parent_id\":\"\",\"title\":\"text2\",\"description\":\"description2\",\"type\":\"1\"}\n"
Sent: from: "DatabaseService" to: "06bffffff8b4568" operationName: "AddDocument" payload: "\n$8ba56725-0141-4f04-9f5b-35f198d8ec72"
Received: from: "06bffffff8b4568" to: "DatabaseService" operationName: "SearchDocuments" payload: "\n\017\n\tparent_id\022\002\"\"\022\007ACTIONS"
Sent: from: "DatabaseService" to: "06bffffff8b4568" operationName: "SearchDocuments" payload: "\n\266\001\n/\n$7a1da133-20e3-4391-af96-e08467aeab81\022\007ACTIONS\022\202\001{ \"id\" : \"7a1da133-20e3-4391-af96-e08467aeab81\", \"parent_id\" : \"\", \"title\" : \"text\", \"description\" : \"description\", \"type\" : \"0\" }\n\270\001\n/\n$8ba56725-0141-4f04-9f5b-35f198d8ec72\022\007ACTIONS\022\204\001{ \"id\" : \"8ba56725-0141-4f04-9f5b-35f198d8ec72\", \"parent_id\" : \"\", \"title\" : \"text2\", \"description\" : \"description2\", \"type\" : \"1\" }"
Received: from: "06bffffff8b4568" to: "DatabaseService" operationName: "DeleteDocument" payload: "\n$7a1da133-20e3-4391-af96-e08467aeab81\022\007ACTIONS"
Sent: from: "DatabaseService" to: "06bffffff8b4568" operationName: "DeleteDocument" payload: "\010\001"
Received: from: "06bffffff8b4568" to: "DatabaseService" operationName: "SearchDocuments" payload: "\n3\n\tparent_id\022&\"7a1da133-20e3-4391-af96-e08467aeab81\"\022\007ACTIONS"
Sent: from: "DatabaseService" to: "06bffffff8b4568" operationName: "SearchDocuments"
Received: from: "06bffffff8b4568" to: "DatabaseService" operationName: "SearchDocuments" payload: "\n\017\n\tparent_id\022\002\"\"\022\007ACTIONS"
Sent: from: "DatabaseService" to: "06bffffff8b4568" operationName: "SearchDocuments" payload: "\n\270\001\n/\n$8ba56725-0141-4f04-9f5b-35f198d8ec72\022\007ACTIONS\022\204\001{ \"id\" : \"8ba56725-0141-4f04-9f5b-35f198d8ec72\", \"parent_id\" : \"\", \"title\" : \"text2\", \"description\" : \"description2\", \"type\" : \"1\" }"
Received: from: "06bffffff8b4568" to: "DatabaseService" operationName: "DeleteDocument" payload: "\n$8ba56725-0141-4f04-9f5b-35f198d8ec72\022\007ACTIONS"
Sent: from: "DatabaseService" to: "06bffffff8b4568" operationName: "DeleteDocument" payload: "\010\001"
Received: from: "06bffffff8b4568" to: "DatabaseService" operationName: "SearchDocuments" payload: "\n3\n\tparent_id\022&\"8ba56725-0141-4f04-9f5b-35f198d8ec72\"\022\007ACTIONS"
Sent: from: "DatabaseService" to: "06bffffff8b4568" operationName: "SearchDocuments"
Received: from: "06bffffff8b4568" to: "DatabaseService" operationName: "SearchDocuments" payload: "\n\017\n\tparent_id\022\002\"\"\022\007ACTIONS"
Sent: from: "DatabaseService" to: "06bffffff8b4568" operationName: "SearchDocuments"
Received: from: "06bffffff8b4568" to: "DatabaseService" operationName: "AddDocument" payload: "\n/\n$984aeab2-046c-4bb6-8f25-e0a79c05460a\022\007ACTIONS\022s{\"id\":\"984aeab2-046c-4bb6-8f25-e0a79c05460a\",\"parent_id\":\"\",\"title\":\"text\",\"description\":\"description\",\"type\":\"1\"}\n"
Sent: from: "DatabaseService" to: "06bffffff8b4568" operationName: "AddDocument" payload: "\n$984aeab2-046c-4bb6-8f25-e0a79c05460a"
Received: from: "06bffffff8b4568" to: "DatabaseService" operationName: "GetDocument" payload: "\n$984aeab2-046c-4bb6-8f25-e0a79c05460a\022\007ACTIONS"
Sent: from: "DatabaseService" to: "06bffffff8b4568" operationName: "GetDocument" payload: "\n\266\001\n/\n$984aeab2-046c-4bb6-8f25-e0a79c05460a\022\007ACTIONS\022\202\001{ \"id\" : \"984aeab2-046c-4bb6-8f25-e0a79c05460a\", \"parent_id\" : \"\", \"title\" : \"text\", \"description\" : \"description\", \"type\" : \"1\" }"
Received: from: "06bffffff8b4568" to: "DatabaseService" operationName: "AddDocument" payload: "\n/\n$3119862e-88cc-404e-baaa-23ce1fca4c98\022\007ACTIONS\022\231\001{\"id\":\"3119862e-88cc-404e-baaa-23ce1fca4c98\",\"parent_id\":\"984aeab2-046c-4bb6-8f25-e0a79c05460a\",\"title\":\"text2\",\"description\":\"description2\",\"type\":\"0\"}\n"
Sent: from: "DatabaseService" to: "06bffffff8b4568" operationName: "AddDocument" payload: "\n$3119862e-88cc-404e-baaa-23ce1fca4c98"
Received: from: "06bffffff8b4568" to: "DatabaseService" operationName: "GetDocument" payload: "\n$984aeab2-046c-4bb6-8f25-e0a79c05460a\022\007ACTIONS"
Sent: from: "DatabaseService" to: "06bffffff8b4568" operationName: "GetDocument" payload: "\n\266\001\n/\n$984aeab2-046c-4bb6-8f25-e0a79c05460a\022\007ACTIONS\022\202\001{ \"id\" : \"984aeab2-046c-4bb6-8f25-e0a79c05460a\", \"parent_id\" : \"\", \"title\" : \"text\", \"description\" : \"description\", \"type\" : \"1\" }"
Received: from: "06bffffff8b4568" to: "DatabaseService" operationName: "AddDocument" payload: "\n/\n$bf049f53-274a-404d-aa85-dbb36e8f9a90\022\007ACTIONS\022\231\001{\"id\":\"bf049f53-274a-404d-aa85-dbb36e8f9a90\",\"parent_id\":\"984aeab2-046c-4bb6-8f25-e0a79c05460a\",\"title\":\"text2\",\"description\":\"description2\",\"type\":\"0\"}\n"
Sent: from: "DatabaseService" to: "06bffffff8b4568" operationName: "AddDocument" payload: "\n$bf049f53-274a-404d-aa85-dbb36e8f9a90"
Received: from: "06bffffff8b4568" to: "DatabaseService" operationName: "AddDocument" payload: "\n/\n$c9234a98-47a9-4bbb-9e8e-07d17eee4a60\022\007ACTIONS\022u{\"id\":\"c9234a98-47a9-4bbb-9e8e-07d17eee4a60\",\"parent_id\":\"\",\"title\":\"text3\",\"description\":\"description3\",\"type\":\"0\"}\n"
Sent: from: "DatabaseService" to: "06bffffff8b4568" operationName: "AddDocument" payload: "\n$c9234a98-47a9-4bbb-9e8e-07d17eee4a60"
Received: from: "06bffffff8b4568" to: "DatabaseService" operationName: "SearchDocuments" payload: "\n\017\n\tparent_id\022\002\"\"\022\007ACTIONS"
Sent: from: "DatabaseService" to: "06bffffff8b4568" operationName: "SearchDocuments" payload: "\n\266\001\n/\n$984aeab2-046c-4bb6-8f25-e0a79c05460a\022\007ACTIONS\022\202\001{ \"id\" : \"984aeab2-046c-4bb6-8f25-e0a79c05460a\", \"parent_id\" : \"\", \"title\" : \"text\", \"description\" : \"description\", \"type\" : \"1\" }\n\270\001\n/\n$c9234a98-47a9-4bbb-9e8e-07d17eee4a60\022\007ACTIONS\022\204\001{ \"id\" : \"c9234a98-47a9-4bbb-9e8e-07d17eee4a60\", \"parent_id\" : \"\", \"title\" : \"text3\", \"description\" : \"description3\", \"type\" : \"0\" }"
Received: from: "06bffffff8b4568" to: "DatabaseService" operationName: "SearchDocuments" payload: "\n3\n\tparent_id\022&\"984aeab2-046c-4bb6-8f25-e0a79c05460a\"\022\007ACTIONS"
Sent: from: "DatabaseService" to: "06bffffff8b4568" operationName: "SearchDocuments" payload: "\n\334\001\n/\n$3119862e-88cc-404e-baaa-23ce1fca4c98\022\007ACTIONS\022\250\001{ \"id\" : \"3119862e-88cc-404e-baaa-23ce1fca4c98\", \"parent_id\" : \"984aeab2-046c-4bb6-8f25-e0a79c05460a\", \"title\" : \"text2\", \"description\" : \"description2\", \"type\" : \"0\" }\n\334\001\n/\n$bf049f53-274a-404d-aa85-dbb36e8f9a90\022\007ACTIONS\022\250\001{ \"id\" : \"bf049f53-274a-404d-aa85-dbb36e8f9a90\", \"parent_id\" : \"984aeab2-046c-4bb6-8f25-e0a79c05460a\", \"title\" : \"text2\", \"description\" : \"description2\", \"type\" : \"0\" }"
Received: from: "06bffffff8b4568" to: "DatabaseService" operationName: "DeleteDocument" payload: "\n$984aeab2-046c-4bb6-8f25-e0a79c05460a\022\007ACTIONS"
Sent: from: "DatabaseService" to: "06bffffff8b4568" operationName: "DeleteDocument" payload: "\010\001"
Received: from: "06bffffff8b4568" to: "DatabaseService" operationName: "SearchDocuments" payload: "\n3\n\tparent_id\022&\"984aeab2-046c-4bb6-8f25-e0a79c05460a\"\022\007ACTIONS"
Sent: from: "DatabaseService" to: "06bffffff8b4568" operationName: "SearchDocuments" payload: "\n\334\001\n/\n$3119862e-88cc-404e-baaa-23ce1fca4c98\022\007ACTIONS\022\250\001{ \"id\" : \"3119862e-88cc-404e-baaa-23ce1fca4c98\", \"parent_id\" : \"984aeab2-046c-4bb6-8f25-e0a79c05460a\", \"title\" : \"text2\", \"description\" : \"description2\", \"type\" : \"0\" }\n\334\001\n/\n$bf049f53-274a-404d-aa85-dbb36e8f9a90\022\007ACTIONS\022\250\001{ \"id\" : \"bf049f53-274a-404d-aa85-dbb36e8f9a90\", \"parent_id\" : \"984aeab2-046c-4bb6-8f25-e0a79c05460a\", \"title\" : \"text2\", \"description\" : \"description2\", \"type\" : \"0\" }"
Received: from: "06bffffff8b4568" to: "DatabaseService" operationName: "DeleteDocument" payload: "\n$3119862e-88cc-404e-baaa-23ce1fca4c98\022\007ACTIONS"
Sent: from: "DatabaseService" to: "06bffffff8b4568" operationName: "DeleteDocument" payload: "\010\001"
Received: from: "06bffffff8b4568" to: "DatabaseService" operationName: "SearchDocuments" payload: "\n3\n\tparent_id\022&\"3119862e-88cc-404e-baaa-23ce1fca4c98\"\022\007ACTIONS"
Sent: from: "DatabaseService" to: "06bffffff8b4568" operationName: "SearchDocuments"
Received: from: "06bffffff8b4568" to: "DatabaseService" operationName: "DeleteDocument" payload: "\n$bf049f53-274a-404d-aa85-dbb36e8f9a90\022\007ACTIONS"
Sent: from: "DatabaseService" to: "06bffffff8b4568" operationName: "DeleteDocument" payload: "\010\001"
Received: from: "06bffffff8b4568" to: "DatabaseService" operationName: "SearchDocuments" payload: "\n3\n\tparent_id\022&\"bf049f53-274a-404d-aa85-dbb36e8f9a90\"\022\007ACTIONS"
Sent: from: "DatabaseService" to: "06bffffff8b4568" operationName: "SearchDocuments"
Received: from: "06bffffff8b4568" to: "DatabaseService" operationName: "SearchDocuments" payload: "\n\017\n\tparent_id\022\002\"\"\022\007ACTIONS"
Sent: from: "DatabaseService" to: "06bffffff8b4568" operationName: "SearchDocuments" payload: "\n\270\001\n/\n$c9234a98-47a9-4bbb-9e8e-07d17eee4a60\022\007ACTIONS\022\204\001{ \"id\" : \"c9234a98-47a9-4bbb-9e8e-07d17eee4a60\", \"parent_id\" : \"\", \"title\" : \"text3\", \"description\" : \"description3\", \"type\" : \"0\" }"
Received: from: "06bffffff8b4568" to: "DatabaseService" operationName: "SearchDocuments" payload: "\n3\n\tparent_id\022&\"984aeab2-046c-4bb6-8f25-e0a79c05460a\"\022\007ACTIONS"
Sent: from: "DatabaseService" to: "06bffffff8b4568" operationName: "SearchDocuments"
Received: from: "06bffffff8b4568" to: "DatabaseService" operationName: "DeleteDocument" payload: "\n$c9234a98-47a9-4bbb-9e8e-07d17eee4a60\022\007ACTIONS"
Sent: from: "DatabaseService" to: "06bffffff8b4568" operationName: "DeleteDocument" payload: "\010\001"
Received: from: "06bffffff8b4568" to: "DatabaseService" operationName: "SearchDocuments" payload: "\n3\n\tparent_id\022&\"c9234a98-47a9-4bbb-9e8e-07d17eee4a60\"\022\007ACTIONS"
Sent: from: "DatabaseService" to: "06bffffff8b4568" operationName: "SearchDocuments"
Received: from: "06bffffff8b4568" to: "DatabaseService" operationName: "SearchDocuments" payload: "\n\017\n\tparent_id\022\002\"\"\022\007ACTIONS"
Sent: from: "DatabaseService" to: "06bffffff8b4568" operationName: "SearchDocuments"
Received: from: "06bffffff8b4568" to: "DatabaseService" operationName: "DeleteDocument" payload: "\n\00250\022\007ACTIONS"
Sent: from: "DatabaseService" to: "06bffffff8b4568" operationName: "DeleteDocument"
Received: from: "06bffffff8b4568" to: "DatabaseService" operationName: "GetDocument" payload: "\n\nfhdjskghdf\022\007ACTIONS"
Sent: from: "DatabaseService" to: "06bffffff8b4568" operationName: "GetDocument"
Received: from: "06bffffff8b4568" to: "DatabaseService" operationName: "AddDocument" payload: "\n/\n$4ad4f981-b9a0-40f4-8e40-06ec1815bb76\022\007ACTIONS\022s{\"id\":\"4ad4f981-b9a0-40f4-8e40-06ec1815bb76\",\"parent_id\":\"\",\"title\":\"text\",\"description\":\"description\",\"type\":\"1\"}\n"
Sent: from: "DatabaseService" to: "06bffffff8b4568" operationName: "AddDocument" payload: "\n$4ad4f981-b9a0-40f4-8e40-06ec1815bb76"
Received: from: "06bffffff8b4568" to: "DatabaseService" operationName: "ModifyDocument" payload: "\n/\n$4ad4f981-b9a0-40f4-8e40-06ec1815bb76\022\007ACTIONS\022\200\001{\"id\":\"4ad4f981-b9a0-40f4-8e40-06ec1815bb76\",\"parent_id\":\"\",\"title\":\"other_title\",\"description\":\"other_description\",\"type\":\"0\"}\n"
Sent: from: "DatabaseService" to: "06bffffff8b4568" operationName: "ModifyDocument" payload: "\010\001"
Received: from: "06bffffff8b4568" to: "DatabaseService" operationName: "SearchDocuments" payload: "\n\017\n\tparent_id\022\002\"\"\022\007ACTIONS"
Sent: from: "DatabaseService" to: "06bffffff8b4568" operationName: "SearchDocuments" payload: "\n\303\001\n/\n$4ad4f981-b9a0-40f4-8e40-06ec1815bb76\022\007ACTIONS\022\217\001{ \"id\" : \"4ad4f981-b9a0-40f4-8e40-06ec1815bb76\", \"parent_id\" : \"\", \"title\" : \"other_title\", \"description\" : \"other_description\", \"type\" : \"0\" }"
Received: from: "06bffffff8b4568" to: "DatabaseService" operationName: "AddDocument" payload: "\n/\n$937d1aa4-8862-44b0-86ac-4614e7e33b40\022\007ACTIONS\022s{\"id\":\"937d1aa4-8862-44b0-86ac-4614e7e33b40\",\"parent_id\":\"\",\"title\":\"text\",\"description\":\"description\",\"type\":\"1\"}\n"
Sent: from: "DatabaseService" to: "06bffffff8b4568" operationName: "AddDocument" payload: "\n$937d1aa4-8862-44b0-86ac-4614e7e33b40"
Received: from: "06bffffff8b4568" to: "DatabaseService" operationName: "AddDocument" payload: "\n/\n$61907e30-e236-472f-a925-3897bf78712f\022\007ACTIONS\022s{\"id\":\"61907e30-e236-472f-a925-3897bf78712f\",\"parent_id\":\"\",\"title\":\"text\",\"description\":\"description\",\"type\":\"1\"}\n"
Sent: from: "DatabaseService" to: "06bffffff8b4568" operationName: "AddDocument" payload: "\n$61907e30-e236-472f-a925-3897bf78712f"
Received: from: "06bffffff8b4568" to: "DatabaseService" operationName: "GetDocument" payload: "\n$937d1aa4-8862-44b0-86ac-4614e7e33b40\022\007ACTIONS"
Sent: from: "DatabaseService" to: "06bffffff8b4568" operationName: "GetDocument" payload: "\n\266\001\n/\n$937d1aa4-8862-44b0-86ac-4614e7e33b40\022\007ACTIONS\022\202\001{ \"id\" : \"937d1aa4-8862-44b0-86ac-4614e7e33b40\", \"parent_id\" : \"\", \"title\" : \"text\", \"description\" : \"description\", \"type\" : \"1\" }"
Received: from: "06bffffff8b4568" to: "DatabaseService" operationName: "AddDocument" payload: "\n/\n$2547966b-f376-4444-a02d-6cb031898713\022\007ACTIONS\022\231\001{\"id\":\"2547966b-f376-4444-a02d-6cb031898713\",\"parent_id\":\"937d1aa4-8862-44b0-86ac-4614e7e33b40\",\"title\":\"text2\",\"description\":\"description2\",\"type\":\"0\"}\n"
Sent: from: "DatabaseService" to: "06bffffff8b4568" operationName: "AddDocument" payload: "\n$2547966b-f376-4444-a02d-6cb031898713"
Received: from: "06bffffff8b4568" to: "DatabaseService" operationName: "GetDocument" payload: "\n$61907e30-e236-472f-a925-3897bf78712f\022\007ACTIONS"
Sent: from: "DatabaseService" to: "06bffffff8b4568" operationName: "GetDocument" payload: "\n\266\001\n/\n$61907e30-e236-472f-a925-3897bf78712f\022\007ACTIONS\022\202\001{ \"id\" : \"61907e30-e236-472f-a925-3897bf78712f\", \"parent_id\" : \"\", \"title\" : \"text\", \"description\" : \"description\", \"type\" : \"1\" }"
Received: from: "06bffffff8b4568" to: "DatabaseService" operationName: "ModifyDocument" payload: "\n/\n$2547966b-f376-4444-a02d-6cb031898713\022\007ACTIONS\022\244\001{\"id\":\"2547966b-f376-4444-a02d-6cb031898713\",\"parent_id\":\"61907e30-e236-472f-a925-3897bf78712f\",\"title\":\"other_title\",\"description\":\"other_description\",\"type\":\"0\"}\n"
Sent: from: "DatabaseService" to: "06bffffff8b4568" operationName: "ModifyDocument" payload: "\010\001"
Received: from: "06bffffff8b4568" to: "DatabaseService" operationName: "SearchDocuments" payload: "\n3\n\tparent_id\022&\"937d1aa4-8862-44b0-86ac-4614e7e33b40\"\022\007ACTIONS"
Sent: from: "DatabaseService" to: "06bffffff8b4568" operationName: "SearchDocuments"
Received: from: "06bffffff8b4568" to: "DatabaseService" operationName: "SearchDocuments" payload: "\n3\n\tparent_id\022&\"61907e30-e236-472f-a925-3897bf78712f\"\022\007ACTIONS"
Sent: from: "DatabaseService" to: "06bffffff8b4568" operationName: "SearchDocuments" payload: "\n\347\001\n/\n$2547966b-f376-4444-a02d-6cb031898713\022\007ACTIONS\022\263\001{ \"id\" : \"2547966b-f376-4444-a02d-6cb031898713\", \"parent_id\" : \"61907e30-e236-472f-a925-3897bf78712f\", \"title\" : \"other_title\", \"description\" : \"other_description\", \"type\" : \"0\" }"
Received: from: "06bffffff8b4568" to: "DatabaseService" operationName: "AddDocument" payload: "\n/\n$6aab0fc2-fdec-4c14-94f0-de1d9a0cdaf9\022\007ACTIONS\022s{\"id\":\"6aab0fc2-fdec-4c14-94f0-de1d9a0cdaf9\",\"parent_id\":\"\",\"title\":\"text\",\"description\":\"description\",\"type\":\"1\"}\n"
Sent: from: "DatabaseService" to: "06bffffff8b4568" operationName: "AddDocument" payload: "\n$6aab0fc2-fdec-4c14-94f0-de1d9a0cdaf9"
Received: from: "06bffffff8b4568" to: "DatabaseService" operationName: "GetDocument" payload: "\n$6aab0fc2-fdec-4c14-94f0-de1d9a0cdaf9\022\007ACTIONS"
Sent: from: "DatabaseService" to: "06bffffff8b4568" operationName: "GetDocument" payload: "\n\266\001\n/\n$6aab0fc2-fdec-4c14-94f0-de1d9a0cdaf9\022\007ACTIONS\022\202\001{ \"id\" : \"6aab0fc2-fdec-4c14-94f0-de1d9a0cdaf9\", \"parent_id\" : \"\", \"title\" : \"text\", \"description\" : \"description\", \"type\" : \"1\" }"
Received: from: "06bffffff8b4568" to: "DatabaseService" operationName: "AddDocument" payload: "\n/\n$7d278f89-62a7-4811-9d0c-b007cc66c000\022\007ACTIONS\022\231\001{\"id\":\"7d278f89-62a7-4811-9d0c-b007cc66c000\",\"parent_id\":\"6aab0fc2-fdec-4c14-94f0-de1d9a0cdaf9\",\"title\":\"text2\",\"description\":\"description2\",\"type\":\"0\"}\n"
Sent: from: "DatabaseService" to: "06bffffff8b4568" operationName: "AddDocument" payload: "\n$7d278f89-62a7-4811-9d0c-b007cc66c000"
Received: from: "06bffffff8b4568" to: "DatabaseService" operationName: "ModifyDocument" payload: "\n/\n$7d278f89-62a7-4811-9d0c-b007cc66c000\022\007ACTIONS\022\200\001{\"id\":\"7d278f89-62a7-4811-9d0c-b007cc66c000\",\"parent_id\":\"\",\"title\":\"other_title\",\"description\":\"other_description\",\"type\":\"0\"}\n"
Sent: from: "DatabaseService" to: "06bffffff8b4568" operationName: "ModifyDocument" payload: "\010\001"
Received: from: "06bffffff8b4568" to: "DatabaseService" operationName: "SearchDocuments" payload: "\n3\n\tparent_id\022&\"6aab0fc2-fdec-4c14-94f0-de1d9a0cdaf9\"\022\007ACTIONS"
Sent: from: "DatabaseService" to: "06bffffff8b4568" operationName: "SearchDocuments"
Received: from: "06bffffff8b4568" to: "DatabaseService" operationName: "SearchDocuments" payload: "\n\017\n\tparent_id\022\002\"\"\022\007ACTIONS"
Sent: from: "DatabaseService" to: "06bffffff8b4568" operationName: "SearchDocuments" payload: "\n\266\001\n/\n$6aab0fc2-fdec-4c14-94f0-de1d9a0cdaf9\022\007ACTIONS\022\202\001{ \"id\" : \"6aab0fc2-fdec-4c14-94f0-de1d9a0cdaf9\", \"parent_id\" : \"\", \"title\" : \"text\", \"description\" : \"description\", \"type\" : \"1\" }\n\303\001\n/\n$7d278f89-62a7-4811-9d0c-b007cc66c000\022\007ACTIONS\022\217\001{ \"id\" : \"7d278f89-62a7-4811-9d0c-b007cc66c000\", \"parent_id\" : \"\", \"title\" : \"other_title\", \"description\" : \"other_description\", \"type\" : \"0\" }"
Received: from: "06bffffff8b4568" to: "DatabaseService" operationName: "AddDocument" payload: "\n/\n$90ddc3bd-c7a1-458d-bdc5-a6f2d9ca8264\022\007ACTIONS\022s{\"id\":\"90ddc3bd-c7a1-458d-bdc5-a6f2d9ca8264\",\"parent_id\":\"\",\"title\":\"text\",\"description\":\"description\",\"type\":\"1\"}\n"
Sent: from: "DatabaseService" to: "06bffffff8b4568" operationName: "AddDocument" payload: "\n$90ddc3bd-c7a1-458d-bdc5-a6f2d9ca8264"
Received: from: "06bffffff8b4568" to: "DatabaseService" operationName: "GetDocument" payload: "\n\013random shit\022\007ACTIONS"
Sent: from: "DatabaseService" to: "06bffffff8b4568" operationName: "GetDocument"
Received: from: "06bffffff8b4568" to: "DatabaseService" operationName: "SearchDocuments" payload: "\n\017\n\tparent_id\022\002\"\"\022\007ACTIONS"
Sent: from: "DatabaseService" to: "06bffffff8b4568" operationName: "SearchDocuments" payload: "\n\266\001\n/\n$90ddc3bd-c7a1-458d-bdc5-a6f2d9ca8264\022\007ACTIONS\022\202\001{ \"id\" : \"90ddc3bd-c7a1-458d-bdc5-a6f2d9ca8264\", \"parent_id\" : \"\", \"title\" : \"text\", \"description\" : \"description\", \"type\" : \"1\" }"
Received: from: "06bffffff8b4568" to: "DatabaseService" operationName: "SearchDocuments" payload: "\n\017\n\tparent_id\022\002\"\"\022\007ACTIONS"
Sent: from: "DatabaseService" to: "06bffffff8b4568" operationName: "SearchDocuments" payload: "\n\266\001\n/\n$90ddc3bd-c7a1-458d-bdc5-a6f2d9ca8264\022\007ACTIONS\022\202\001{ \"id\" : \"90ddc3bd-c7a1-458d-bdc5-a6f2d9ca8264\", \"parent_id\" : \"\", \"title\" : \"text\", \"description\" : \"description\", \"type\" : \"1\" }"
Received: from: "06bffffff8b4568" to: "DatabaseService" operationName: "GetDocument" payload: "\n\013random shit\022\007ACTIONS"
Sent: from: "DatabaseService" to: "06bffffff8b4568" operationName: "GetDocument"
Received: from: "06bffffff8b4578" to: "DatabaseService" operationName: "AddDocument" payload: "\022\014invalid body"
Sent: from: "DatabaseService" to: "06bffffff8b4578" operationName: "AddDocument"
Received: from: "06bffffff8b4578" to: "DatabaseService" operationName: "AddDocument" payload: "\n\016\n\003key\022\007somecat\022\017{\"somevalue\":5}"
Sent: from: "DatabaseService" to: "06bffffff8b4578" operationName: "AddDocument" payload: "\n\003key"
Received: from: "06bffffff8b4578" to: "DatabaseService" operationName: "GetDocument" payload: "\n\003key\022\007somecat"
Sent: from: "DatabaseService" to: "06bffffff8b4578" operationName: "GetDocument" payload: "\n%\n\016\n\003key\022\007somecat\022\023{ \"somevalue\" : 5 }"
Received: from: "06bffffff8b4579" to: "DatabaseService" operationName: "AddDocument" payload: "\n\t\022\007somecat\022\026{\"doc\":0, \"someval\":0}"
Sent: from: "DatabaseService" to: "06bffffff8b4579" operationName: "AddDocument" payload: "\n$1facfc9c-d460-4a92-b343-5e61ff240868"
Received: from: "06bffffff8b4579" to: "DatabaseService" operationName: "AddDocument" payload: "\n\t\022\007somecat\022\026{\"doc\":1, \"someval\":0}"
Sent: from: "DatabaseService" to: "06bffffff8b4579" operationName: "AddDocument" payload: "\n$fc3c3b78-213a-4b84-8f32-e7f15b2d33f3"
Received: from: "06bffffff8b4579" to: "DatabaseService" operationName: "AddDocument" payload: "\n\t\022\007somecat\022\026{\"doc\":2, \"someval\":0}"
Sent: from: "DatabaseService" to: "06bffffff8b4579" operationName: "AddDocument" payload: "\n$060d5d1b-2fdf-4717-b3c1-5ff24833312c"
Received: from: "06bffffff8b4579" to: "DatabaseService" operationName: "AddDocument" payload: "\n\t\022\007somecat\022\026{\"doc\":3, \"someval\":0}"
Sent: from: "DatabaseService" to: "06bffffff8b4579" operationName: "AddDocument" payload: "\n$53041750-3500-4a7f-8603-f205e349d19b"
Received: from: "06bffffff8b4579" to: "DatabaseService" operationName: "AddDocument" payload: "\n\t\022\007somecat\022\026{\"doc\":4, \"someval\":0}"
Sent: from: "DatabaseService" to: "06bffffff8b4579" operationName: "AddDocument" payload: "\n$7b0d4897-fdc1-401b-8d2a-4d7a36a9b3d9"
Received: from: "06bffffff8b4579" to: "DatabaseService" operationName: "AddDocument" payload: "\n\t\022\007somecat\022\026{\"doc\":5, \"someval\":0}"
Sent: from: "DatabaseService" to: "06bffffff8b4579" operationName: "AddDocument" payload: "\n$844b2316-bcf0-4598-842b-0abbda04a649"
Received: from: "06bffffff8b4579" to: "DatabaseService" operationName: "AddDocument" payload: "\n\t\022\007somecat\022\026{\"doc\":6, \"someval\":0}"
Sent: from: "DatabaseService" to: "06bffffff8b4579" operationName: "AddDocument" payload: "\n$13c542b6-7c13-45a7-91ab-ff2ba9446077"
Received: from: "06bffffff8b4579" to: "DatabaseService" operationName: "AddDocument" payload: "\n\t\022\007somecat\022\026{\"doc\":7, \"someval\":0}"
Sent: from: "DatabaseService" to: "06bffffff8b4579" operationName: "AddDocument" payload: "\n$87d0112d-1e90-4495-86d1-67d1ad770c89"
Received: from: "06bffffff8b4579" to: "DatabaseService" operationName: "AddDocument" payload: "\n\t\022\007somecat\022\026{\"doc\":8, \"someval\":0}"
Sent: from: "DatabaseService" to: "06bffffff8b4579" operationName: "AddDocument" payload: "\n$4f74e517-c379-4642-9f68-365a769f2084"
Received: from: "06bffffff8b4579" to: "DatabaseService" operationName: "AddDocument" payload: "\n\t\022\007somecat\022\026{\"doc\":9, \"someval\":0}"
Sent: from: "DatabaseService" to: "06bffffff8b4579" operationName: "AddDocument" payload: "\n$302a1c67-5064-4761-92e4-222c82baf4fc"
Received: from: "06bffffff8b4579" to: "DatabaseService" operationName: "DeleteDocument" payload: "\n\007sdfdfdf"
Sent: from: "DatabaseService" to: "06bffffff8b4579" operationName: "DeleteDocument"
Received: from: "06bffffff8b4579" to: "DatabaseService" operationName: "GetDocument" payload: "\n$1facfc9c-d460-4a92-b343-5e61ff240868\022\007somecat"
Sent: from: "DatabaseService" to: "06bffffff8b4579" operationName: "GetDocument" payload: "\nO\n/\n$1facfc9c-d460-4a92-b343-5e61ff240868\022\007somecat\022\034{ \"doc\" : 0, \"someval\" : 0 }"
Received: from: "06bffffff8b4579" to: "DatabaseService" operationName: "GetDocument" payload: "\n$fc3c3b78-213a-4b84-8f32-e7f15b2d33f3\022\007somecat"
Sent: from: "DatabaseService" to: "06bffffff8b4579" operationName: "GetDocument" payload: "\nO\n/\n$fc3c3b78-213a-4b84-8f32-e7f15b2d33f3\022\007somecat\022\034{ \"doc\" : 1, \"someval\" : 0 }"
Received: from: "06bffffff8b4579" to: "DatabaseService" operationName: "GetDocument" payload: "\n$060d5d1b-2fdf-4717-b3c1-5ff24833312c\022\007somecat"
Sent: from: "DatabaseService" to: "06bffffff8b4579" operationName: "GetDocument" payload: "\nO\n/\n$060d5d1b-2fdf-4717-b3c1-5ff24833312c\022\007somecat\022\034{ \"doc\" : 2, \"someval\" : 0 }"
Received: from: "06bffffff8b4579" to: "DatabaseService" operationName: "GetDocument" payload: "\n$53041750-3500-4a7f-8603-f205e349d19b\022\007somecat"
Sent: from: "DatabaseService" to: "06bffffff8b4579" operationName: "GetDocument" payload: "\nO\n/\n$53041750-3500-4a7f-8603-f205e349d19b\022\007somecat\022\034{ \"doc\" : 3, \"someval\" : 0 }"
Received: from: "06bffffff8b4579" to: "DatabaseService" operationName: "GetDocument" payload: "\n$7b0d4897-fdc1-401b-8d2a-4d7a36a9b3d9\022\007somecat"
Sent: from: "DatabaseService" to: "06bffffff8b4579" operationName: "GetDocument" payload: "\nO\n/\n$7b0d4897-fdc1-401b-8d2a-4d7a36a9b3d9\022\007somecat\022\034{ \"doc\" : 4, \"someval\" : 0 }"
Received: from: "06bffffff8b4579" to: "DatabaseService" operationName: "GetDocument" payload: "\n$844b2316-bcf0-4598-842b-0abbda04a649\022\007somecat"
Sent: from: "DatabaseService" to: "06bffffff8b4579" operationName: "GetDocument" payload: "\nO\n/\n$844b2316-bcf0-4598-842b-0abbda04a649\022\007somecat\022\034{ \"doc\" : 5, \"someval\" : 0 }"
Received: from: "06bffffff8b4579" to: "DatabaseService" operationName: "GetDocument" payload: "\n$13c542b6-7c13-45a7-91ab-ff2ba9446077\022\007somecat"
Sent: from: "DatabaseService" to: "06bffffff8b4579" operationName: "GetDocument" payload: "\nO\n/\n$13c542b6-7c13-45a7-91ab-ff2ba9446077\022\007somecat\022\034{ \"doc\" : 6, \"someval\" : 0 }"
Received: from: "06bffffff8b4579" to: "DatabaseService" operationName: "GetDocument" payload: "\n$87d0112d-1e90-4495-86d1-67d1ad770c89\022\007somecat"
Sent: from: "DatabaseService" to: "06bffffff8b4579" operationName: "GetDocument" payload: "\nO\n/\n$87d0112d-1e90-4495-86d1-67d1ad770c89\022\007somecat\022\034{ \"doc\" : 7, \"someval\" : 0 }"
Received: from: "06bffffff8b4579" to: "DatabaseService" operationName: "GetDocument" payload: "\n$4f74e517-c379-4642-9f68-365a769f2084\022\007somecat"
Sent: from: "DatabaseService" to: "06bffffff8b4579" operationName: "GetDocument" payload: "\nO\n/\n$4f74e517-c379-4642-9f68-365a769f2084\022\007somecat\022\034{ \"doc\" : 8, \"someval\" : 0 }"
Received: from: "06bffffff8b4579" to: "DatabaseService" operationName: "GetDocument" payload: "\n$302a1c67-5064-4761-92e4-222c82baf4fc\022\007somecat"
Sent: from: "DatabaseService" to: "06bffffff8b4579" operationName: "GetDocument" payload: "\nO\n/\n$302a1c67-5064-4761-92e4-222c82baf4fc\022\007somecat\022\034{ \"doc\" : 9, \"someval\" : 0 }"
Received: from: "06bffffff8b4579" to: "DatabaseService" operationName: "DeleteDocument" payload: "\n$060d5d1b-2fdf-4717-b3c1-5ff24833312c\022\007somecat"
Sent: from: "DatabaseService" to: "06bffffff8b4579" operationName: "DeleteDocument" payload: "\010\001"
Received: from: "06bffffff8b4579" to: "DatabaseService" operationName: "GetDocument" payload: "\n$1facfc9c-d460-4a92-b343-5e61ff240868\022\007somecat"
Sent: from: "DatabaseService" to: "06bffffff8b4579" operationName: "GetDocument" payload: "\nO\n/\n$1facfc9c-d460-4a92-b343-5e61ff240868\022\007somecat\022\034{ \"doc\" : 0, \"someval\" : 0 }"
Received: from: "06bffffff8b4579" to: "DatabaseService" operationName: "GetDocument" payload: "\n$fc3c3b78-213a-4b84-8f32-e7f15b2d33f3\022\007somecat"
Sent: from: "DatabaseService" to: "06bffffff8b4579" operationName: "GetDocument" payload: "\nO\n/\n$fc3c3b78-213a-4b84-8f32-e7f15b2d33f3\022\007somecat\022\034{ \"doc\" : 1, \"someval\" : 0 }"
Received: from: "06bffffff8b4579" to: "DatabaseService" operationName: "GetDocument" payload: "\n$060d5d1b-2fdf-4717-b3c1-5ff24833312c\022\007somecat"
Sent: from: "DatabaseService" to: "06bffffff8b4579" operationName: "GetDocument"
Received: from: "06bffffff8b4579" to: "DatabaseService" operationName: "GetDocument" payload: "\n$53041750-3500-4a7f-8603-f205e349d19b\022\007somecat"
Sent: from: "DatabaseService" to: "06bffffff8b4579" operationName: "GetDocument" payload: "\nO\n/\n$53041750-3500-4a7f-8603-f205e349d19b\022\007somecat\022\034{ \"doc\" : 3, \"someval\" : 0 }"
Received: from: "06bffffff8b4579" to: "DatabaseService" operationName: "GetDocument" payload: "\n$7b0d4897-fdc1-401b-8d2a-4d7a36a9b3d9\022\007somecat"
Sent: from: "DatabaseService" to: "06bffffff8b4579" operationName: "GetDocument" payload: "\nO\n/\n$7b0d4897-fdc1-401b-8d2a-4d7a36a9b3d9\022\007somecat\022\034{ \"doc\" : 4, \"someval\" : 0 }"
Received: from: "06bffffff8b4579" to: "DatabaseService" operationName: "GetDocument" payload: "\n$844b2316-bcf0-4598-842b-0abbda04a649\022\007somecat"
Sent: from: "DatabaseService" to: "06bffffff8b4579" operationName: "GetDocument" payload: "\nO\n/\n$844b2316-bcf0-4598-842b-0abbda04a649\022\007somecat\022\034{ \"doc\" : 5, \"someval\" : 0 }"
Received: from: "06bffffff8b4579" to: "DatabaseService" operationName: "GetDocument" payload: "\n$13c542b6-7c13-45a7-91ab-ff2ba9446077\022\007somecat"
Sent: from: "DatabaseService" to: "06bffffff8b4579" operationName: "GetDocument" payload: "\nO\n/\n$13c542b6-7c13-45a7-91ab-ff2ba9446077\022\007somecat\022\034{ \"doc\" : 6, \"someval\" : 0 }"
Received: from: "06bffffff8b4579" to: "DatabaseService" operationName: "GetDocument" payload: "\n$87d0112d-1e90-4495-86d1-67d1ad770c89\022\007somecat"
Sent: from: "DatabaseService" to: "06bffffff8b4579" operationName: "GetDocument" payload: "\nO\n/\n$87d0112d-1e90-4495-86d1-67d1ad770c89\022\007somecat\022\034{ \"doc\" : 7, \"someval\" : 0 }"
Received: from: "06bffffff8b4579" to: "DatabaseService" operationName: "GetDocument" payload: "\n$4f74e517-c379-4642-9f68-365a769f2084\022\007somecat"
Sent: from: "DatabaseService" to: "06bffffff8b4579" operationName: "GetDocument" payload: "\nO\n/\n$4f74e517-c379-4642-9f68-365a769f2084\022\007somecat\022\034{ \"doc\" : 8, \"someval\" : 0 }"
Received: from: "06bffffff8b4579" to: "DatabaseService" operationName: "GetDocument" payload: "\n$302a1c67-5064-4761-92e4-222c82baf4fc\022\007somecat"
Sent: from: "DatabaseService" to: "06bffffff8b4579" operationName: "GetDocument" payload: "\nO\n/\n$302a1c67-5064-4761-92e4-222c82baf4fc\022\007somecat\022\034{ \"doc\" : 9, \"someval\" : 0 }"
Received: from: "06bffffff8b4579" to: "DatabaseService" operationName: "DeleteDocument" payload: "\n$1facfc9c-d460-4a92-b343-5e61ff240868\022\007somecat"
Sent: from: "DatabaseService" to: "06bffffff8b4579" operationName: "DeleteDocument" payload: "\010\001"
Received: from: "06bffffff8b4579" to: "DatabaseService" operationName: "DeleteDocument" payload: "\n$fc3c3b78-213a-4b84-8f32-e7f15b2d33f3\022\007somecat"
Sent: from: "DatabaseService" to: "06bffffff8b4579" operationName: "DeleteDocument" payload: "\010\001"
Received: from: "06bffffff8b4579" to: "DatabaseService" operationName: "DeleteDocument" payload: "\n$060d5d1b-2fdf-4717-b3c1-5ff24833312c\022\007somecat"
Sent: from: "DatabaseService" to: "06bffffff8b4579" operationName: "DeleteDocument"
Received: from: "06bffffff8b4579" to: "DatabaseService" operationName: "DeleteDocument" payload: "\n$53041750-3500-4a7f-8603-f205e349d19b\022\007somecat"
Sent: from: "DatabaseService" to: "06bffffff8b4579" operationName: "DeleteDocument" payload: "\010\001"
Received: from: "06bffffff8b4579" to: "DatabaseService" operationName: "DeleteDocument" payload: "\n$7b0d4897-fdc1-401b-8d2a-4d7a36a9b3d9\022\007somecat"
Sent: from: "DatabaseService" to: "06bffffff8b4579" operationName: "DeleteDocument" payload: "\010\001"
Received: from: "06bffffff8b4579" to: "DatabaseService" operationName: "DeleteDocument" payload: "\n$844b2316-bcf0-4598-842b-0abbda04a649\022\007somecat"
Sent: from: "DatabaseService" to: "06bffffff8b4579" operationName: "DeleteDocument" payload: "\010\001"
Received: from: "06bffffff8b4579" to: "DatabaseService" operationName: "DeleteDocument" payload: "\n$13c542b6-7c13-45a7-91ab-ff2ba9446077\022\007somecat"
Sent: from: "DatabaseService" to: "06bffffff8b4579" operationName: "DeleteDocument" payload: "\010\001"
Received: from: "06bffffff8b4579" to: "DatabaseService" operationName: "DeleteDocument" payload: "\n$87d0112d-1e90-4495-86d1-67d1ad770c89\022\007somecat"
Sent: from: "DatabaseService" to: "06bffffff8b4579" operationName: "DeleteDocument" payload: "\010\001"
Received: from: "06bffffff8b4579" to: "DatabaseService" operationName: "DeleteDocument" payload: "\n$4f74e517-c379-4642-9f68-365a769f2084\022\007somecat"
Sent: from: "DatabaseService" to: "06bffffff8b4579" operationName: "DeleteDocument" payload: "\010\001"
Received: from: "06bffffff8b4579" to: "DatabaseService" operationName: "DeleteDocument" payload: "\n$302a1c67-5064-4761-92e4-222c82baf4fc\022\007somecat"
Sent: from: "DatabaseService" to: "06bffffff8b4579" operationName: "DeleteDocument" payload: "\010\001"
Received: from: "06bffffff8b4579" to: "DatabaseService" operationName: "GetDocument" payload: "\n$1facfc9c-d460-4a92-b343-5e61ff240868\022\007somecat"
Sent: from: "DatabaseService" to: "06bffffff8b4579" operationName: "GetDocument"
Received: from: "06bffffff8b4579" to: "DatabaseService" operationName: "GetDocument" payload: "\n$fc3c3b78-213a-4b84-8f32-e7f15b2d33f3\022\007somecat"
Sent: from: "DatabaseService" to: "06bffffff8b4579" operationName: "GetDocument"
Received: from: "06bffffff8b4579" to: "DatabaseService" operationName: "GetDocument" payload: "\n$060d5d1b-2fdf-4717-b3c1-5ff24833312c\022\007somecat"
Sent: from: "DatabaseService" to: "06bffffff8b4579" operationName: "GetDocument"
Received: from: "06bffffff8b4579" to: "DatabaseService" operationName: "GetDocument" payload: "\n$53041750-3500-4a7f-8603-f205e349d19b\022\007somecat"
Sent: from: "DatabaseService" to: "06bffffff8b4579" operationName: "GetDocument"
Received: from: "06bffffff8b4579" to: "DatabaseService" operationName: "GetDocument" payload: "\n$7b0d4897-fdc1-401b-8d2a-4d7a36a9b3d9\022\007somecat"
Sent: from: "DatabaseService" to: "06bffffff8b4579" operationName: "GetDocument"
Received: from: "06bffffff8b4579" to: "DatabaseService" operationName: "GetDocument" payload: "\n$844b2316-bcf0-4598-842b-0abbda04a649\022\007somecat"
Sent: from: "DatabaseService" to: "06bffffff8b4579" operationName: "GetDocument"
Received: from: "06bffffff8b4579" to: "DatabaseService" operationName: "GetDocument" payload: "\n$13c542b6-7c13-45a7-91ab-ff2ba9446077\022\007somecat"
Sent: from: "DatabaseService" to: "06bffffff8b4579" operationName: "GetDocument"
Received: from: "06bffffff8b4579" to: "DatabaseService" operationName: "GetDocument" payload: "\n$87d0112d-1e90-4495-86d1-67d1ad770c89\022\007somecat"
Sent: from: "DatabaseService" to: "06bffffff8b4579" operationName: "GetDocument"
Received: from: "06bffffff8b4579" to: "DatabaseService" operationName: "GetDocument" payload: "\n$4f74e517-c379-4642-9f68-365a769f2084\022\007somecat"
Sent: from: "DatabaseService" to: "06bffffff8b4579" operationName: "GetDocument"
Received: from: "06bffffff8b4579" to: "DatabaseService" operationName: "GetDocument" payload: "\n$302a1c67-5064-4761-92e4-222c82baf4fc\022\007somecat"
Sent: from: "DatabaseService" to: "06bffffff8b4579" operationName: "GetDocument"
Received: from: "06bffffff8b457a" to: "DatabaseService" operationName: "AddDocument" payload: "\n\t\022\007somecat\022\026{\"doc\":0, \"someval\":0}"
Sent: from: "DatabaseService" to: "06bffffff8b457a" operationName: "AddDocument" payload: "\n$eb498518-a277-44df-be79-6b6b41a05c28"
Received: from: "06bffffff8b457a" to: "DatabaseService" operationName: "AddDocument" payload: "\n\t\022\007somecat\022\026{\"doc\":1, \"someval\":0}"
Sent: from: "DatabaseService" to: "06bffffff8b457a" operationName: "AddDocument" payload: "\n$b8529d63-e0ee-444e-90a8-e69b3b802ed3"
Received: from: "06bffffff8b457a" to: "DatabaseService" operationName: "AddDocument" payload: "\n\t\022\007somecat\022\026{\"doc\":2, \"someval\":0}"
Sent: from: "DatabaseService" to: "06bffffff8b457a" operationName: "AddDocument" payload: "\n$7a57e7f4-f34e-4ca1-ad96-011433c48e34"
Received: from: "06bffffff8b457a" to: "DatabaseService" operationName: "AddDocument" payload: "\n\t\022\007somecat\022\026{\"doc\":3, \"someval\":0}"
Sent: from: "DatabaseService" to: "06bffffff8b457a" operationName: "AddDocument" payload: "\n$e2af2b4e-734d-422b-bec8-b9653d782b89"
Received: from: "06bffffff8b457a" to: "DatabaseService" operationName: "AddDocument" payload: "\n\t\022\007somecat\022\026{\"doc\":4, \"someval\":0}"
Sent: from: "DatabaseService" to: "06bffffff8b457a" operationName: "AddDocument" payload: "\n$765afeeb-3022-443f-8fe3-1ba194d8b4ee"
Received: from: "06bffffff8b457a" to: "DatabaseService" operationName: "AddDocument" payload: "\n\t\022\007somecat\022\026{\"doc\":5, \"someval\":0}"
Sent: from: "DatabaseService" to: "06bffffff8b457a" operationName: "AddDocument" payload: "\n$2dc6b855-8e01-462c-ae23-feb771afc078"
Received: from: "06bffffff8b457a" to: "DatabaseService" operationName: "AddDocument" payload: "\n\t\022\007somecat\022\026{\"doc\":6, \"someval\":0}"
Sent: from: "DatabaseService" to: "06bffffff8b457a" operationName: "AddDocument" payload: "\n$45387450-7d48-48f2-92ff-768e9af74d24"
Received: from: "06bffffff8b457a" to: "DatabaseService" operationName: "AddDocument" payload: "\n\t\022\007somecat\022\026{\"doc\":7, \"someval\":0}"
Sent: from: "DatabaseService" to: "06bffffff8b457a" operationName: "AddDocument" payload: "\n$02ea2444-24fd-45f9-8d26-913ded38f850"
Received: from: "06bffffff8b457a" to: "DatabaseService" operationName: "AddDocument" payload: "\n\t\022\007somecat\022\026{\"doc\":8, \"someval\":0}"
Sent: from: "DatabaseService" to: "06bffffff8b457a" operationName: "AddDocument" payload: "\n$b55da677-4e52-471e-a4ad-6c29bac45983"
Received: from: "06bffffff8b457a" to: "DatabaseService" operationName: "AddDocument" payload: "\n\t\022\007somecat\022\026{\"doc\":9, \"someval\":0}"
Sent: from: "DatabaseService" to: "06bffffff8b457a" operationName: "AddDocument" payload: "\n$917f51b1-5da5-4954-b0d1-a263a58b4d4a"
Received: from: "06bffffff8b457a" to: "DatabaseService" operationName: "GetDocument" payload: "\n$eb498518-a277-44df-be79-6b6b41a05c28\022\007somecat"
Sent: from: "DatabaseService" to: "06bffffff8b457a" operationName: "GetDocument" payload: "\nO\n/\n$eb498518-a277-44df-be79-6b6b41a05c28\022\007somecat\022\034{ \"doc\" : 0, \"someval\" : 0 }"
Received: from: "06bffffff8b457a" to: "DatabaseService" operationName: "GetDocument" payload: "\n$b8529d63-e0ee-444e-90a8-e69b3b802ed3\022\007somecat"
Sent: from: "DatabaseService" to: "06bffffff8b457a" operationName: "GetDocument" payload: "\nO\n/\n$b8529d63-e0ee-444e-90a8-e69b3b802ed3\022\007somecat\022\034{ \"doc\" : 1, \"someval\" : 0 }"
Received: from: "06bffffff8b457a" to: "DatabaseService" operationName: "GetDocument" payload: "\n$7a57e7f4-f34e-4ca1-ad96-011433c48e34\022\007somecat"
Sent: from: "DatabaseService" to: "06bffffff8b457a" operationName: "GetDocument" payload: "\nO\n/\n$7a57e7f4-f34e-4ca1-ad96-011433c48e34\022\007somecat\022\034{ \"doc\" : 2, \"someval\" : 0 }"
Received: from: "06bffffff8b457a" to: "DatabaseService" operationName: "GetDocument" payload: "\n$e2af2b4e-734d-422b-bec8-b9653d782b89\022\007somecat"
Sent: from: "DatabaseService" to: "06bffffff8b457a" operationName: "GetDocument" payload: "\nO\n/\n$e2af2b4e-734d-422b-bec8-b9653d782b89\022\007somecat\022\034{ \"doc\" : 3, \"someval\" : 0 }"
Received: from: "06bffffff8b457a" to: "DatabaseService" operationName: "GetDocument" payload: "\n$765afeeb-3022-443f-8fe3-1ba194d8b4ee\022\007somecat"
Sent: from: "DatabaseService" to: "06bffffff8b457a" operationName: "GetDocument" payload: "\nO\n/\n$765afeeb-3022-443f-8fe3-1ba194d8b4ee\022\007somecat\022\034{ \"doc\" : 4, \"someval\" : 0 }"
Received: from: "06bffffff8b457a" to: "DatabaseService" operationName: "GetDocument" payload: "\n$2dc6b855-8e01-462c-ae23-feb771afc078\022\007somecat"
Sent: from: "DatabaseService" to: "06bffffff8b457a" operationName: "GetDocument" payload: "\nO\n/\n$2dc6b855-8e01-462c-ae23-feb771afc078\022\007somecat\022\034{ \"doc\" : 5, \"someval\" : 0 }"
Received: from: "06bffffff8b457a" to: "DatabaseService" operationName: "GetDocument" payload: "\n$45387450-7d48-48f2-92ff-768e9af74d24\022\007somecat"
Sent: from: "DatabaseService" to: "06bffffff8b457a" operationName: "GetDocument" payload: "\nO\n/\n$45387450-7d48-48f2-92ff-768e9af74d24\022\007somecat\022\034{ \"doc\" : 6, \"someval\" : 0 }"
Received: from: "06bffffff8b457a" to: "DatabaseService" operationName: "GetDocument" payload: "\n$02ea2444-24fd-45f9-8d26-913ded38f850\022\007somecat"
Sent: from: "DatabaseService" to: "06bffffff8b457a" operationName: "GetDocument" payload: "\nO\n/\n$02ea2444-24fd-45f9-8d26-913ded38f850\022\007somecat\022\034{ \"doc\" : 7, \"someval\" : 0 }"
Received: from: "06bffffff8b457a" to: "DatabaseService" operationName: "GetDocument" payload: "\n$b55da677-4e52-471e-a4ad-6c29bac45983\022\007somecat"
Sent: from: "DatabaseService" to: "06bffffff8b457a" operationName: "GetDocument" payload: "\nO\n/\n$b55da677-4e52-471e-a4ad-6c29bac45983\022\007somecat\022\034{ \"doc\" : 8, \"someval\" : 0 }"
Received: from: "06bffffff8b457a" to: "DatabaseService" operationName: "GetDocument" payload: "\n$917f51b1-5da5-4954-b0d1-a263a58b4d4a\022\007somecat"
Sent: from: "DatabaseService" to: "06bffffff8b457a" operationName: "GetDocument" payload: "\nO\n/\n$917f51b1-5da5-4954-b0d1-a263a58b4d4a\022\007somecat\022\034{ \"doc\" : 9, \"someval\" : 0 }"
Received: from: "06bffffff8b457a" to: "DatabaseService" operationName: "GetDocument" payload: "\n\tasdfklsdf\022\007somecat"
Sent: from: "DatabaseService" to: "06bffffff8b457a" operationName: "GetDocument"
Received: from: "06bffffff8b457b" to: "DatabaseService" operationName: "AddDocument" payload: "\n\t\022\007somecat\022\026{\"doc\":0, \"someval\":0}"
Sent: from: "DatabaseService" to: "06bffffff8b457b" operationName: "AddDocument" payload: "\n$6c03a0ef-3103-4b3d-b76a-498a1eb33922"
Received: from: "06bffffff8b457b" to: "DatabaseService" operationName: "AddDocument" payload: "\n\t\022\007somecat\022\026{\"doc\":1, \"someval\":0}"
Sent: from: "DatabaseService" to: "06bffffff8b457b" operationName: "AddDocument" payload: "\n$353c30b2-c67f-430a-a80d-03a4fae1bce3"
Received: from: "06bffffff8b457b" to: "DatabaseService" operationName: "AddDocument" payload: "\n\t\022\007somecat\022\026{\"doc\":2, \"someval\":0}"
Sent: from: "DatabaseService" to: "06bffffff8b457b" operationName: "AddDocument" payload: "\n$b5341b45-bda7-4448-9095-188ce4bb6f25"
Received: from: "06bffffff8b457b" to: "DatabaseService" operationName: "AddDocument" payload: "\n\t\022\007somecat\022\026{\"doc\":3, \"someval\":0}"
Sent: from: "DatabaseService" to: "06bffffff8b457b" operationName: "AddDocument" payload: "\n$24e80d76-8f01-4440-a999-ae5c8bd1f816"
Received: from: "06bffffff8b457b" to: "DatabaseService" operationName: "AddDocument" payload: "\n\t\022\007somecat\022\026{\"doc\":4, \"someval\":0}"
Sent: from: "DatabaseService" to: "06bffffff8b457b" operationName: "AddDocument" payload: "\n$3ce8ef30-297b-415d-b41b-61173d95aa44"
Received: from: "06bffffff8b457b" to: "DatabaseService" operationName: "AddDocument" payload: "\n\t\022\007somecat\022\026{\"doc\":5, \"someval\":0}"
Sent: from: "DatabaseService" to: "06bffffff8b457b" operationName: "AddDocument" payload: "\n$26d48fb3-41b0-4807-b28f-a0b76d46b097"
Received: from: "06bffffff8b457b" to: "DatabaseService" operationName: "AddDocument" payload: "\n\t\022\007somecat\022\026{\"doc\":6, \"someval\":0}"
Sent: from: "DatabaseService" to: "06bffffff8b457b" operationName: "AddDocument" payload: "\n$4ab79609-585e-4fc3-bea0-a631878a3144"
Received: from: "06bffffff8b457b" to: "DatabaseService" operationName: "AddDocument" payload: "\n\t\022\007somecat\022\026{\"doc\":7, \"someval\":0}"
Sent: from: "DatabaseService" to: "06bffffff8b457b" operationName: "AddDocument" payload: "\n$148185c2-5a17-418b-98a1-81de4b225b73"
Received: from: "06bffffff8b457b" to: "DatabaseService" operationName: "AddDocument" payload: "\n\t\022\007somecat\022\026{\"doc\":8, \"someval\":0}"
Sent: from: "DatabaseService" to: "06bffffff8b457b" operationName: "AddDocument" payload: "\n$31d53f1e-8b89-44e1-971a-246a7f3fd5f3"
Received: from: "06bffffff8b457b" to: "DatabaseService" operationName: "AddDocument" payload: "\n\t\022\007somecat\022\026{\"doc\":9, \"someval\":0}"
Sent: from: "DatabaseService" to: "06bffffff8b457b" operationName: "AddDocument" payload: "\n$c32c3cde-3046-43c9-864e-873eda844bd3"
Received: from: "06bffffff8b457b" to: "DatabaseService" operationName: "ModifyDocument" payload: "\n\023\n\010dgkljsdg\022\007somecat\022\010{\"doc\":5"
Sent: from: "DatabaseService" to: "06bffffff8b457b" operationName: "ModifyDocument"
Received: from: "06bffffff8b457b" to: "DatabaseService" operationName: "ModifyDocument" payload: "\n/\n$6c03a0ef-3103-4b3d-b76a-498a1eb33922\022\007somecat\022\007{\"doc\"5"
Sent: from: "DatabaseService" to: "06bffffff8b457b" operationName: "ModifyDocument"
Received: from: "06bffffff8b457b" to: "DatabaseService" operationName: "ModifyDocument" payload: "\n/\n$6c03a0ef-3103-4b3d-b76a-498a1eb33922\022\007somecat\022\013{\"doc\":100}"
Sent: from: "DatabaseService" to: "06bffffff8b457b" operationName: "ModifyDocument" payload: "\010\001"
Received: from: "06bffffff8b457b" to: "DatabaseService" operationName: "GetDocument" payload: "\n$6c03a0ef-3103-4b3d-b76a-498a1eb33922\022\007somecat"
Sent: from: "DatabaseService" to: "06bffffff8b457b" operationName: "GetDocument" payload: "\nB\n/\n$6c03a0ef-3103-4b3d-b76a-498a1eb33922\022\007somecat\022\017{ \"doc\" : 100 }"
Received: from: "06bffffff8b457b" to: "DatabaseService" operationName: "GetDocument" payload: "\n$353c30b2-c67f-430a-a80d-03a4fae1bce3\022\007somecat"
Sent: from: "DatabaseService" to: "06bffffff8b457b" operationName: "GetDocument" payload: "\nO\n/\n$353c30b2-c67f-430a-a80d-03a4fae1bce3\022\007somecat\022\034{ \"doc\" : 1, \"someval\" : 0 }"
Received: from: "06bffffff8b457b" to: "DatabaseService" operationName: "GetDocument" payload: "\n$b5341b45-bda7-4448-9095-188ce4bb6f25\022\007somecat"
Sent: from: "DatabaseService" to: "06bffffff8b457b" operationName: "GetDocument" payload: "\nO\n/\n$b5341b45-bda7-4448-9095-188ce4bb6f25\022\007somecat\022\034{ \"doc\" : 2, \"someval\" : 0 }"
Received: from: "06bffffff8b457b" to: "DatabaseService" operationName: "GetDocument" payload: "\n$24e80d76-8f01-4440-a999-ae5c8bd1f816\022\007somecat"
Sent: from: "DatabaseService" to: "06bffffff8b457b" operationName: "GetDocument" payload: "\nO\n/\n$24e80d76-8f01-4440-a999-ae5c8bd1f816\022\007somecat\022\034{ \"doc\" : 3, \"someval\" : 0 }"
Received: from: "06bffffff8b457b" to: "DatabaseService" operationName: "GetDocument" payload: "\n$3ce8ef30-297b-415d-b41b-61173d95aa44\022\007somecat"
Sent: from: "DatabaseService" to: "06bffffff8b457b" operationName: "GetDocument" payload: "\nO\n/\n$3ce8ef30-297b-415d-b41b-61173d95aa44\022\007somecat\022\034{ \"doc\" : 4, \"someval\" : 0 }"
Received: from: "06bffffff8b457b" to: "DatabaseService" operationName: "GetDocument" payload: "\n$26d48fb3-41b0-4807-b28f-a0b76d46b097\022\007somecat"
Sent: from: "DatabaseService" to: "06bffffff8b457b" operationName: "GetDocument" payload: "\nO\n/\n$26d48fb3-41b0-4807-b28f-a0b76d46b097\022\007somecat\022\034{ \"doc\" : 5, \"someval\" : 0 }"
Received: from: "06bffffff8b457b" to: "DatabaseService" operationName: "GetDocument" payload: "\n$4ab79609-585e-4fc3-bea0-a631878a3144\022\007somecat"
Sent: from: "DatabaseService" to: "06bffffff8b457b" operationName: "GetDocument" payload: "\nO\n/\n$4ab79609-585e-4fc3-bea0-a631878a3144\022\007somecat\022\034{ \"doc\" : 6, \"someval\" : 0 }"
Received: from: "06bffffff8b457b" to: "DatabaseService" operationName: "GetDocument" payload: "\n$148185c2-5a17-418b-98a1-81de4b225b73\022\007somecat"
Sent: from: "DatabaseService" to: "06bffffff8b457b" operationName: "GetDocument" payload: "\nO\n/\n$148185c2-5a17-418b-98a1-81de4b225b73\022\007somecat\022\034{ \"doc\" : 7, \"someval\" : 0 }"
Received: from: "06bffffff8b457b" to: "DatabaseService" operationName: "GetDocument" payload: "\n$31d53f1e-8b89-44e1-971a-246a7f3fd5f3\022\007somecat"
Sent: from: "DatabaseService" to: "06bffffff8b457b" operationName: "GetDocument" payload: "\nO\n/\n$31d53f1e-8b89-44e1-971a-246a7f3fd5f3\022\007somecat\022\034{ \"doc\" : 8, \"someval\" : 0 }"
Received: from: "06bffffff8b457b" to: "DatabaseService" operationName: "GetDocument" payload: "\n$c32c3cde-3046-43c9-864e-873eda844bd3\022\007somecat"
Sent: from: "DatabaseService" to: "06bffffff8b457b" operationName: "GetDocument" payload: "\nO\n/\n$c32c3cde-3046-43c9-864e-873eda844bd3\022\007somecat\022\034{ \"doc\" : 9, \"someval\" : 0 }"
Received: from: "06bffffff8b457c" to: "DatabaseService" operationName: "AddDocument" payload: "\n\t\022\007somecat\022\026{\"doc\":0, \"someval\":0}"
Sent: from: "DatabaseService" to: "06bffffff8b457c" operationName: "AddDocument" payload: "\n$3da39696-e741-47e0-a54f-ab5b5e0dbc63"
Received: from: "06bffffff8b457c" to: "DatabaseService" operationName: "AddDocument" payload: "\n\t\022\007somecat\022\026{\"doc\":1, \"someval\":0}"
Sent: from: "DatabaseService" to: "06bffffff8b457c" operationName: "AddDocument" payload: "\n$17dec802-1e29-4e32-8dc8-3ce39fafb9a9"
Received: from: "06bffffff8b457c" to: "DatabaseService" operationName: "AddDocument" payload: "\n\t\022\007somecat\022\026{\"doc\":2, \"someval\":0}"
Sent: from: "DatabaseService" to: "06bffffff8b457c" operationName: "AddDocument" payload: "\n$aac6e4c1-d251-4665-95ea-937a64d5c13d"
Received: from: "06bffffff8b457c" to: "DatabaseService" operationName: "AddDocument" payload: "\n\t\022\007somecat\022\026{\"doc\":3, \"someval\":0}"
Sent: from: "DatabaseService" to: "06bffffff8b457c" operationName: "AddDocument" payload: "\n$4c6b851d-183f-4e78-9544-8210715380b5"
Received: from: "06bffffff8b457c" to: "DatabaseService" operationName: "AddDocument" payload: "\n\t\022\007somecat\022\026{\"doc\":4, \"someval\":0}"
Sent: from: "DatabaseService" to: "06bffffff8b457c" operationName: "AddDocument" payload: "\n$eae37d4a-243f-4b17-9143-5a0aefdcbb7d"
Received: from: "06bffffff8b457c" to: "DatabaseService" operationName: "AddDocument" payload: "\n\t\022\007somecat\022\026{\"doc\":5, \"someval\":0}"
Sent: from: "DatabaseService" to: "06bffffff8b457c" operationName: "AddDocument" payload: "\n$aad85195-1363-4a7e-b140-2e46b91f62df"
Received: from: "06bffffff8b457c" to: "DatabaseService" operationName: "AddDocument" payload: "\n\t\022\007somecat\022\026{\"doc\":6, \"someval\":0}"
Sent: from: "DatabaseService" to: "06bffffff8b457c" operationName: "AddDocument" payload: "\n$f1766356-1977-4b9b-97c0-e2f33cd3f621"
Received: from: "06bffffff8b457c" to: "DatabaseService" operationName: "AddDocument" payload: "\n\t\022\007somecat\022\026{\"doc\":7, \"someval\":0}"
Sent: from: "DatabaseService" to: "06bffffff8b457c" operationName: "AddDocument" payload: "\n$0b0f871a-6349-4ed2-ae00-b85bef60347c"
Received: from: "06bffffff8b457c" to: "DatabaseService" operationName: "AddDocument" payload: "\n\t\022\007somecat\022\026{\"doc\":8, \"someval\":0}"
Sent: from: "DatabaseService" to: "06bffffff8b457c" operationName: "AddDocument" payload: "\n$876be9d0-de00-4b13-9b8f-99166fdfc5bc"
Received: from: "06bffffff8b457c" to: "DatabaseService" operationName: "AddDocument" payload: "\n\t\022\007somecat\022\026{\"doc\":9, \"someval\":0}"
Sent: from: "DatabaseService" to: "06bffffff8b457c" operationName: "AddDocument" payload: "\n$9542c47c-c236-47e5-b823-3b2cf9789505"
Received: from: "06bffffff8b457c" to: "DatabaseService" operationName: "SearchDocuments" payload: "\022\007somecat"
Sent: from: "DatabaseService" to: "06bffffff8b457c" operationName: "SearchDocuments" payload: "\nO\n/\n$3da39696-e741-47e0-a54f-ab5b5e0dbc63\022\007somecat\022\034{ \"doc\" : 0, \"someval\" : 0 }\nO\n/\n$17dec802-1e29-4e32-8dc8-3ce39fafb9a9\022\007somecat\022\034{ \"doc\" : 1, \"someval\" : 0 }\nO\n/\n$aac6e4c1-d251-4665-95ea-937a64d5c13d\022\007somecat\022\034{ \"doc\" : 2, \"someval\" : 0 }\nO\n/\n$4c6b851d-183f-4e78-9544-8210715380b5\022\007somecat\022\034{ \"doc\" : 3, \"someval\" : 0 }\nO\n/\n$eae37d4a-243f-4b17-9143-5a0aefdcbb7d\022\007somecat\022\034{ \"doc\" : 4, \"someval\" : 0 }\nO\n/\n$aad85195-1363-4a7e-b140-2e46b91f62df\022\007somecat\022\034{ \"doc\" : 5, \"someval\" : 0 }\nO\n/\n$f1766356-1977-4b9b-97c0-e2f33cd3f621\022\007somecat\022\034{ \"doc\" : 6, \"someval\" : 0 }\nO\n/\n$0b0f871a-6349-4ed2-ae00-b85bef60347c\022\007somecat\022\034{ \"doc\" : 7, \"someval\" : 0 }\nO\n/\n$876be9d0-de00-4b13-9b8f-99166fdfc5bc\022\007somecat\022\034{ \"doc\" : 8, \"someval\" : 0 }\nO\n/\n$9542c47c-c236-47e5-b823-3b2cf9789505\022\007somecat\022\034{ \"doc\" : 9, \"someval\" : 0 }"
Received: from: "06bffffff8b457c" to: "DatabaseService" operationName: "SearchDocuments" payload: "\022\010somecat1"
Sent: from: "DatabaseService" to: "06bffffff8b457c" operationName: "SearchDocuments"
Received: from: "06bffffff8b457d" to: "DatabaseService" operationName: "AddDocument" payload: "\n\t\022\007somecat\022\026{\"doc\":0, \"someval\":0}"
Sent: from: "DatabaseService" to: "06bffffff8b457d" operationName: "AddDocument" payload: "\n$85f48fa8-9712-4218-887e-29949e4bb038"
Received: from: "06bffffff8b457d" to: "DatabaseService" operationName: "AddDocument" payload: "\n\t\022\007somecat\022\026{\"doc\":1, \"someval\":0}"
Sent: from: "DatabaseService" to: "06bffffff8b457d" operationName: "AddDocument" payload: "\n$6c4714da-2224-4372-9e20-88a94ceed080"
Received: from: "06bffffff8b457d" to: "DatabaseService" operationName: "AddDocument" payload: "\n\t\022\007somecat\022\026{\"doc\":2, \"someval\":0}"
Sent: from: "DatabaseService" to: "06bffffff8b457d" operationName: "AddDocument" payload: "\n$84121ece-ac91-44eb-9717-5da41f856d80"
Received: from: "06bffffff8b457d" to: "DatabaseService" operationName: "AddDocument" payload: "\n\t\022\007somecat\022\026{\"doc\":3, \"someval\":0}"
Sent: from: "DatabaseService" to: "06bffffff8b457d" operationName: "AddDocument" payload: "\n$4112f0cb-d29e-4b8f-8672-a3bcd25533ea"
Received: from: "06bffffff8b457d" to: "DatabaseService" operationName: "AddDocument" payload: "\n\t\022\007somecat\022\026{\"doc\":4, \"someval\":0}"
Sent: from: "DatabaseService" to: "06bffffff8b457d" operationName: "AddDocument" payload: "\n$b747c2be-5e74-453d-9164-a9417a8f0df3"
Received: from: "06bffffff8b457d" to: "DatabaseService" operationName: "AddDocument" payload: "\n\t\022\007somecat\022\026{\"doc\":5, \"someval\":0}"
Sent: from: "DatabaseService" to: "06bffffff8b457d" operationName: "AddDocument" payload: "\n$d77af516-bc5c-4d98-acee-df24afb2f884"
Received: from: "06bffffff8b457d" to: "DatabaseService" operationName: "AddDocument" payload: "\n\t\022\007somecat\022\026{\"doc\":6, \"someval\":0}"
Sent: from: "DatabaseService" to: "06bffffff8b457d" operationName: "AddDocument" payload: "\n$30f29f9e-707d-4321-8cea-2de4efd3590f"
Received: from: "06bffffff8b457d" to: "DatabaseService" operationName: "AddDocument" payload: "\n\t\022\007somecat\022\026{\"doc\":7, \"someval\":0}"
Sent: from: "DatabaseService" to: "06bffffff8b457d" operationName: "AddDocument" payload: "\n$88d08876-5ba5-44b4-a85b-27b33182396b"
Received: from: "06bffffff8b457d" to: "DatabaseService" operationName: "AddDocument" payload: "\n\t\022\007somecat\022\026{\"doc\":8, \"someval\":0}"
Sent: from: "DatabaseService" to: "06bffffff8b457d" operationName: "AddDocument" payload: "\n$965d396d-ebc7-419f-9a3f-f180d9523dd5"
Received: from: "06bffffff8b457d" to: "DatabaseService" operationName: "AddDocument" payload: "\n\t\022\007somecat\022\026{\"doc\":9, \"someval\":0}"
Sent: from: "DatabaseService" to: "06bffffff8b457d" operationName: "AddDocument" payload: "\n$d5ff2e27-1d2d-47cb-8f9a-5ee1791a0503"
Received: from: "06bffffff8b457d" to: "DatabaseService" operationName: "SearchDocuments" payload: "\n\010\n\003doc\022\0013\022\007somecat"
Sent: from: "DatabaseService" to: "06bffffff8b457d" operationName: "SearchDocuments" payload: "\nO\n/\n$4112f0cb-d29e-4b8f-8672-a3bcd25533ea\022\007somecat\022\034{ \"doc\" : 3, \"someval\" : 0 }"
Received: from: "06bffffff8b457d" to: "DatabaseService" operationName: "SearchDocuments" payload: "\n\007\n\005error"
Sent: from: "DatabaseService" to: "06bffffff8b457d" operationName: "SearchDocuments"
Received: from: "06bffffff8b457d" to: "DatabaseService" operationName: "SearchDocuments" payload: "\n\t\n\003doc\022\00211\022\007somecat"
Sent: from: "DatabaseService" to: "06bffffff8b457d" operationName: "SearchDocuments"
Received: from: "06bffffff8b457d" to: "DatabaseService" operationName: "SearchDocuments" payload: "\n\010\n\003doc\022\0014\n\014\n\007someval\022\0010\022\007somecat"
Sent: from: "DatabaseService" to: "06bffffff8b457d" operationName: "SearchDocuments" payload: "\nO\n/\n$b747c2be-5e74-453d-9164-a9417a8f0df3\022\007somecat\022\034{ \"doc\" : 4, \"someval\" : 0 }"
Received: from: "06bffffff8b457d" to: "DatabaseService" operationName: "SearchDocuments" payload: "\n\014\n\007someval\022\0010\022\007somecat"
Sent: from: "DatabaseService" to: "06bffffff8b457d" operationName: "SearchDocuments" payload: "\nO\n/\n$85f48fa8-9712-4218-887e-29949e4bb038\022\007somecat\022\034{ \"doc\" : 0, \"someval\" : 0 }\nO\n/\n$6c4714da-2224-4372-9e20-88a94ceed080\022\007somecat\022\034{ \"doc\" : 1, \"someval\" : 0 }\nO\n/\n$84121ece-ac91-44eb-9717-5da41f856d80\022\007somecat\022\034{ \"doc\" : 2, \"someval\" : 0 }\nO\n/\n$4112f0cb-d29e-4b8f-8672-a3bcd25533ea\022\007somecat\022\034{ \"doc\" : 3, \"someval\" : 0 }\nO\n/\n$b747c2be-5e74-453d-9164-a9417a8f0df3\022\007somecat\022\034{ \"doc\" : 4, \"someval\" : 0 }\nO\n/\n$d77af516-bc5c-4d98-acee-df24afb2f884\022\007somecat\022\034{ \"doc\" : 5, \"someval\" : 0 }\nO\n/\n$30f29f9e-707d-4321-8cea-2de4efd3590f\022\007somecat\022\034{ \"doc\" : 6, \"someval\" : 0 }\nO\n/\n$88d08876-5ba5-44b4-a85b-27b33182396b\022\007somecat\022\034{ \"doc\" : 7, \"someval\" : 0 }\nO\n/\n$965d396d-ebc7-419f-9a3f-f180d9523dd5\022\007somecat\022\034{ \"doc\" : 8, \"someval\" : 0 }\nO\n/\n$d5ff2e27-1d2d-47cb-8f9a-5ee1791a0503\022\007somecat\022\034{ \"doc\" : 9, \"someval\" : 0 }"
