
-------------------------------------------------------------------------------
[29-10-2018 11-58-23]   Item fetched:{"id":"","text":"dfgdfgsdfg","timestamp":"1540803600"}

[29-10-2018 11-58-23]   Item fetched:{"id":"","text":"7786755","timestamp":"1540976400"}

[29-10-2018 11-58-23]   Item fetched:{"id":"","text":"fghfghdfhdfghfgh","timestamp":"1540803600"}


-------------------------------------------------------------------------------
[29-10-2018 11-59-52]   Item fetched:{"id":"","text":"dfgdfgsdfg","timestamp":"1540803600"}

[29-10-2018 11-59-52]   Id:05924980-1a05-4ab0-a182-b744a524760e
[29-10-2018 11-59-52]   Item fetched:{"id":"","text":"7786755","timestamp":"1540976400"}

[29-10-2018 11-59-52]   Id:df872094-37de-490f-81e2-b35618b52b89
[29-10-2018 11-59-52]   Item fetched:{"id":"","text":"fghfghdfhdfghfgh","timestamp":"1540803600"}

[29-10-2018 11-59-52]   Id:0056e56a-11d2-4a8e-8bb9-e25e588d8ed7

-------------------------------------------------------------------------------
[29-10-2018 12-00-40]   Item fetched:{"id":"","text":"dfgdfgsdfg","timestamp":"1540803600"}

[29-10-2018 12-00-40]   Id:05924980-1a05-4ab0-a182-b744a524760e
[29-10-2018 12-00-40]   Item fetched:{"id":"","text":"7786755","timestamp":"1540976400"}

[29-10-2018 12-00-40]   Id:df872094-37de-490f-81e2-b35618b52b89
[29-10-2018 12-00-40]   Item fetched:{"id":"","text":"fghfghdfhdfghfgh","timestamp":"1540803600"}

[29-10-2018 12-00-40]   Id:0056e56a-11d2-4a8e-8bb9-e25e588d8ed7

-------------------------------------------------------------------------------
[29-10-2018 12-00-56]   Item fetched:{"id":"","text":"dfgdfgsdfg","timestamp":"1540803600"}

[29-10-2018 12-00-56]   Id:05924980-1a05-4ab0-a182-b744a524760e
[29-10-2018 12-00-56]   Item fetched:{"id":"","text":"7786755","timestamp":"1540976400"}

[29-10-2018 12-00-56]   Id:df872094-37de-490f-81e2-b35618b52b89
[29-10-2018 12-00-56]   Item fetched:{"id":"","text":"fghfghdfhdfghfgh","timestamp":"1540803600"}

[29-10-2018 12-00-56]   Id:0056e56a-11d2-4a8e-8bb9-e25e588d8ed7
[29-10-2018 12-00-56]   Item fetched:{"id":"","text":"sdfgdfgdfged","timestamp":"1540544400"}

[29-10-2018 12-00-56]   Id:6734434e-681e-4e25-9573-e7f874a7185d

-------------------------------------------------------------------------------
[29-10-2018 12-01-14]   Item fetched:{"id":"","text":"dfgdfgsdfg","timestamp":"1540803600"}

[29-10-2018 12-01-14]   Id:05924980-1a05-4ab0-a182-b744a524760e
[29-10-2018 12-01-14]   Item fetched:{"id":"","text":"7786755","timestamp":"1540976400"}

[29-10-2018 12-01-14]   Id:df872094-37de-490f-81e2-b35618b52b89
[29-10-2018 12-01-14]   Item fetched:{"id":"","text":"fghfghdfhdfghfgh","timestamp":"1540803600"}

[29-10-2018 12-01-14]   Id:0056e56a-11d2-4a8e-8bb9-e25e588d8ed7
[29-10-2018 12-01-14]   Item fetched:{"id":"","text":"sdfgdfgdfged","timestamp":"1540544400"}

[29-10-2018 12-01-14]   Id:6734434e-681e-4e25-9573-e7f874a7185d

-------------------------------------------------------------------------------
[29-10-2018 12-11-26]   Item fetched:{"id":"","text":"dfgdfgsdfg","timestamp":"1540803600"}

[29-10-2018 12-11-26]   Id:05924980-1a05-4ab0-a182-b744a524760e
[29-10-2018 12-11-26]   Item fetched:{"id":"","text":"7786755","timestamp":"1540976400"}

[29-10-2018 12-11-26]   Id:df872094-37de-490f-81e2-b35618b52b89
[29-10-2018 12-11-26]   Item fetched:{"id":"","text":"fghfghdfhdfghfgh","timestamp":"1540803600"}

[29-10-2018 12-11-26]   Id:0056e56a-11d2-4a8e-8bb9-e25e588d8ed7
[29-10-2018 12-11-26]   Item fetched:{"id":"","text":"sdfgdfgdfged","timestamp":"1540544400"}

[29-10-2018 12-11-26]   Id:6734434e-681e-4e25-9573-e7f874a7185d
[29-10-2018 12-11-26]   Item fetched:{"id":"","text":"sdfgdfgdfged====","timestamp":"1540544400"}

[29-10-2018 12-11-26]   Id:

-------------------------------------------------------------------------------
[29-10-2018 12-12-10]   Item fetched:{"id":"","text":"dfgdfgsdfg","timestamp":"1540803600"}

[29-10-2018 12-12-10]   Id:05924980-1a05-4ab0-a182-b744a524760e
[29-10-2018 12-12-10]   Item fetched:{"id":"","text":"7786755","timestamp":"1540976400"}

[29-10-2018 12-12-10]   Id:df872094-37de-490f-81e2-b35618b52b89
[29-10-2018 12-12-10]   Item fetched:{"id":"","text":"fghfghdfhdfghfgh","timestamp":"1540803600"}

[29-10-2018 12-12-10]   Id:0056e56a-11d2-4a8e-8bb9-e25e588d8ed7
[29-10-2018 12-12-10]   Item fetched:{"id":"","text":"sdfgdfgdfged","timestamp":"1540544400"}

[29-10-2018 12-12-10]   Id:6734434e-681e-4e25-9573-e7f874a7185d
[29-10-2018 12-12-10]   Item fetched:{"id":"","text":"sdfgdfgdfged====","timestamp":"1540544400"}

[29-10-2018 12-12-10]   Id:

-------------------------------------------------------------------------------
[29-10-2018 12-35-14]   Item fetched:{"id":"","text":"dfgdfgsdfg","timestamp":"1540803600"}

[29-10-2018 12-35-14]   Id:05924980-1a05-4ab0-a182-b744a524760e
[29-10-2018 12-35-14]   Item fetched:{"id":"","text":"7786755","timestamp":"1540976400"}

[29-10-2018 12-35-14]   Id:df872094-37de-490f-81e2-b35618b52b89
[29-10-2018 12-35-14]   Item fetched:{"id":"","text":"fghfghdfhdfghfgh","timestamp":"1540803600"}

[29-10-2018 12-35-14]   Id:0056e56a-11d2-4a8e-8bb9-e25e588d8ed7
[29-10-2018 12-35-14]   Item fetched:{"id":"","text":"sdfgdfgdfged","timestamp":"1540544400"}

[29-10-2018 12-35-14]   Id:6734434e-681e-4e25-9573-e7f874a7185d
[29-10-2018 12-35-14]   Item fetched:{"id":"","text":"sdfgdfgdfged====","timestamp":"1540544400"}

[29-10-2018 12-35-14]   Id:

-------------------------------------------------------------------------------
[29-10-2018 12-36-09]   Item fetched:{"id":"","text":"dfgdfgsdfg","timestamp":"1540803600"}

[29-10-2018 12-36-09]   Id:05924980-1a05-4ab0-a182-b744a524760e
[29-10-2018 12-36-09]   Item fetched:{"id":"","text":"7786755","timestamp":"1540976400"}

[29-10-2018 12-36-09]   Id:df872094-37de-490f-81e2-b35618b52b89
[29-10-2018 12-36-09]   Item fetched:{"id":"","text":"fghfghdfhdfghfgh","timestamp":"1540803600"}

[29-10-2018 12-36-09]   Id:0056e56a-11d2-4a8e-8bb9-e25e588d8ed7
[29-10-2018 12-36-09]   Item fetched:{"id":"","text":"sdfgdfgdfged","timestamp":"1540544400"}

[29-10-2018 12-36-09]   Id:6734434e-681e-4e25-9573-e7f874a7185d
[29-10-2018 12-36-09]   Item fetched:{"id":"","text":"sdfgdfgdfged====","timestamp":"1540544400"}

[29-10-2018 12-36-09]   Id:

-------------------------------------------------------------------------------
[29-10-2018 12-37-54]   Item fetched:{"id":"","text":"dfgdfgsdfg","timestamp":"1540803600"}

[29-10-2018 12-37-54]   Id:05924980-1a05-4ab0-a182-b744a524760e
[29-10-2018 12-37-54]   Item fetched:{"id":"","text":"7786755","timestamp":"1540976400"}

[29-10-2018 12-37-54]   Id:df872094-37de-490f-81e2-b35618b52b89
[29-10-2018 12-37-54]   Item fetched:{"id":"","text":"fghfghdfhdfghfgh","timestamp":"1540803600"}

[29-10-2018 12-37-54]   Id:0056e56a-11d2-4a8e-8bb9-e25e588d8ed7
[29-10-2018 12-37-54]   Item fetched:{"id":"","text":"sdfgdfgdfged","timestamp":"1540544400"}

[29-10-2018 12-37-54]   Id:6734434e-681e-4e25-9573-e7f874a7185d
[29-10-2018 12-37-54]   Item fetched:{"id":"","text":"sdfgdfgdfged====","timestamp":"1540544400"}

[29-10-2018 12-37-54]   Id:

-------------------------------------------------------------------------------
[29-10-2018 12-56-00]   Item fetched:{"id":"","text":"dfgdfgsdfg","timestamp":"1540803600"}

[29-10-2018 12-56-00]   Id:05924980-1a05-4ab0-a182-b744a524760e
[29-10-2018 12-56-00]   Item fetched:{"id":"","text":"7786755","timestamp":"1540976400"}

[29-10-2018 12-56-00]   Id:df872094-37de-490f-81e2-b35618b52b89
[29-10-2018 12-56-00]   Item fetched:{"id":"","text":"fghfghdfhdfghfgh","timestamp":"1540803600"}

[29-10-2018 12-56-00]   Id:0056e56a-11d2-4a8e-8bb9-e25e588d8ed7
[29-10-2018 12-56-00]   Item fetched:{"id":"","text":"sdfgdfgdfged","timestamp":"1540544400"}

[29-10-2018 12-56-00]   Id:6734434e-681e-4e25-9573-e7f874a7185d
[29-10-2018 12-56-00]   Item fetched:{"id":"","text":"sdfgdfgdfged====","timestamp":"1540544400"}

[29-10-2018 12-56-00]   Id:

-------------------------------------------------------------------------------
[29-10-2018 12-56-25]   Item fetched:{"id":"","text":"dfgdfgsdfg","timestamp":"1540803600"}

[29-10-2018 12-56-25]   Id:05924980-1a05-4ab0-a182-b744a524760e
[29-10-2018 12-56-25]   Item fetched:{"id":"","text":"7786755","timestamp":"1540976400"}

[29-10-2018 12-56-25]   Id:df872094-37de-490f-81e2-b35618b52b89
[29-10-2018 12-56-25]   Item fetched:{"id":"","text":"fghfghdfhdfghfgh","timestamp":"1540803600"}

[29-10-2018 12-56-25]   Id:0056e56a-11d2-4a8e-8bb9-e25e588d8ed7
[29-10-2018 12-56-25]   Item fetched:{"id":"","text":"sdfgdfgdfged","timestamp":"1540544400"}

[29-10-2018 12-56-25]   Id:6734434e-681e-4e25-9573-e7f874a7185d
[29-10-2018 12-56-25]   Item fetched:{"id":"","text":"sdfgdfgdfged====","timestamp":"1540544400"}

[29-10-2018 12-56-25]   Id:

-------------------------------------------------------------------------------
[29-10-2018 12-56-48]   Item fetched:{"id":"","text":"dfgdfgsdfg","timestamp":"1540803600"}

[29-10-2018 12-56-48]   Id:05924980-1a05-4ab0-a182-b744a524760e
[29-10-2018 12-56-48]   Item fetched:{"id":"","text":"7786755","timestamp":"1540976400"}

[29-10-2018 12-56-48]   Id:df872094-37de-490f-81e2-b35618b52b89
[29-10-2018 12-56-48]   Item fetched:{"id":"","text":"fghfghdfhdfghfgh","timestamp":"1540803600"}

[29-10-2018 12-56-48]   Id:0056e56a-11d2-4a8e-8bb9-e25e588d8ed7
[29-10-2018 12-56-48]   Item fetched:{"id":"","text":"sdfgdfgdfged","timestamp":"1540544400"}

[29-10-2018 12-56-48]   Id:6734434e-681e-4e25-9573-e7f874a7185d
[29-10-2018 12-56-48]   Item fetched:{"id":"","text":"sdfgdfgdfged====","timestamp":"1540544400"}

[29-10-2018 12-56-48]   Id:

-------------------------------------------------------------------------------
[29-10-2018 12-57-08]   Item fetched:{"id":"","text":"dfgdfgsdfg","timestamp":"1540803600"}

[29-10-2018 12-57-08]   Id:05924980-1a05-4ab0-a182-b744a524760e
[29-10-2018 12-57-08]   Item fetched:{"id":"","text":"7786755","timestamp":"1540976400"}

[29-10-2018 12-57-08]   Id:df872094-37de-490f-81e2-b35618b52b89
[29-10-2018 12-57-08]   Item fetched:{"id":"","text":"fghfghdfhdfghfgh","timestamp":"1540803600"}

[29-10-2018 12-57-08]   Id:0056e56a-11d2-4a8e-8bb9-e25e588d8ed7
[29-10-2018 12-57-08]   Item fetched:{"id":"","text":"sdfgdfgdfged","timestamp":"1540544400"}

[29-10-2018 12-57-08]   Id:6734434e-681e-4e25-9573-e7f874a7185d
[29-10-2018 12-57-08]   Item fetched:{"id":"","text":"sdfgdfgdfged====","timestamp":"1540544400"}

[29-10-2018 12-57-08]   Id:

-------------------------------------------------------------------------------
[29-10-2018 12-57-30]   Item fetched:{"id":"","text":"dfgdfgsdfg","timestamp":"1540803600"}

[29-10-2018 12-57-30]   Id:05924980-1a05-4ab0-a182-b744a524760e
[29-10-2018 12-57-30]   Item fetched:{"id":"","text":"7786755","timestamp":"1540976400"}

[29-10-2018 12-57-30]   Id:df872094-37de-490f-81e2-b35618b52b89
[29-10-2018 12-57-30]   Item fetched:{"id":"","text":"fghfghdfhdfghfgh","timestamp":"1540803600"}

[29-10-2018 12-57-30]   Id:0056e56a-11d2-4a8e-8bb9-e25e588d8ed7
[29-10-2018 12-57-30]   Item fetched:{"id":"","text":"sdfgdfgdfged","timestamp":"1540544400"}

[29-10-2018 12-57-30]   Id:6734434e-681e-4e25-9573-e7f874a7185d
[29-10-2018 12-57-30]   Item fetched:{"id":"","text":"sdfgdfgdfged====","timestamp":"1540544400"}

[29-10-2018 12-57-30]   Id:

-------------------------------------------------------------------------------
[29-10-2018 14-15-02]   Item fetched:{"id":"","text":"dfgdfgsdfg","timestamp":"1540803600"}

[29-10-2018 14-15-02]   Id:05924980-1a05-4ab0-a182-b744a524760e
[29-10-2018 14-15-02]   Item fetched:{"id":"","text":"7786755","timestamp":"1540976400"}

[29-10-2018 14-15-02]   Id:df872094-37de-490f-81e2-b35618b52b89
[29-10-2018 14-15-02]   Item fetched:{"id":"","text":"fghfghdfhdfghfgh","timestamp":"1540803600"}

[29-10-2018 14-15-02]   Id:0056e56a-11d2-4a8e-8bb9-e25e588d8ed7
[29-10-2018 14-15-02]   Item fetched:{"id":"","text":"sdfgdfgdfged","timestamp":"1540544400"}

[29-10-2018 14-15-02]   Id:6734434e-681e-4e25-9573-e7f874a7185d
[29-10-2018 14-15-02]   Item fetched:{"id":"","text":"sdfgdfgdfged====","timestamp":"1540544400"}

[29-10-2018 14-15-02]   Id:

-------------------------------------------------------------------------------
[29-10-2018 14-16-17]   Item fetched:{"id":"","text":"dfgdfgsdfg","timestamp":"1540803600"}

[29-10-2018 14-16-17]   Id:05924980-1a05-4ab0-a182-b744a524760e
[29-10-2018 14-16-17]   Item fetched:{"id":"","text":"7786755","timestamp":"1540976400"}

[29-10-2018 14-16-17]   Id:df872094-37de-490f-81e2-b35618b52b89
[29-10-2018 14-16-17]   Item fetched:{"id":"","text":"fghfghdfhdfghfgh","timestamp":"1540803600"}

[29-10-2018 14-16-17]   Id:0056e56a-11d2-4a8e-8bb9-e25e588d8ed7
[29-10-2018 14-16-17]   Item fetched:{"id":"","text":"sdfgdfgdfged","timestamp":"1540544400"}

[29-10-2018 14-16-17]   Id:6734434e-681e-4e25-9573-e7f874a7185d
[29-10-2018 14-16-17]   Item fetched:{"id":"","text":"sdfgdfgdfged====","timestamp":"1540544400"}

[29-10-2018 14-16-17]   Id:

-------------------------------------------------------------------------------
[29-10-2018 14-17-18]   Item fetched:{"id":"","text":"dfgdfgsdfg","timestamp":"1540803600"}

[29-10-2018 14-17-18]   Id:05924980-1a05-4ab0-a182-b744a524760e
[29-10-2018 14-17-18]   Item fetched:{"id":"","text":"7786755","timestamp":"1540976400"}

[29-10-2018 14-17-18]   Id:df872094-37de-490f-81e2-b35618b52b89
[29-10-2018 14-17-18]   Item fetched:{"id":"","text":"fghfghdfhdfghfgh","timestamp":"1540803600"}

[29-10-2018 14-17-18]   Id:0056e56a-11d2-4a8e-8bb9-e25e588d8ed7
[29-10-2018 14-17-18]   Item fetched:{"id":"","text":"sdfgdfgdfged","timestamp":"1540544400"}

[29-10-2018 14-17-18]   Id:6734434e-681e-4e25-9573-e7f874a7185d
[29-10-2018 14-17-18]   Item fetched:{"id":"","text":"sdfgdfgdfged====","timestamp":"1540544400"}

[29-10-2018 14-17-18]   Id:

-------------------------------------------------------------------------------
[30-10-2018 12-23-36]   Item fetched:{"id":"","text":"dfgdfgsdfg","timestamp":"1540803600"}

[30-10-2018 12-23-36]   Id:05924980-1a05-4ab0-a182-b744a524760e
[30-10-2018 12-23-36]   Item fetched:{"id":"","text":"7786755","timestamp":"1540976400"}

[30-10-2018 12-23-36]   Id:df872094-37de-490f-81e2-b35618b52b89
[30-10-2018 12-23-36]   Item fetched:{"id":"","text":"fghfghdfhdfghfgh","timestamp":"1540803600"}

[30-10-2018 12-23-36]   Id:0056e56a-11d2-4a8e-8bb9-e25e588d8ed7
[30-10-2018 12-23-36]   Item fetched:{"id":"","text":"sdfgdfgdfged","timestamp":"1540544400"}

[30-10-2018 12-23-36]   Id:6734434e-681e-4e25-9573-e7f874a7185d
[30-10-2018 12-23-36]   Item fetched:{"id":"","text":"sdfgdfgdfged====","timestamp":"1540544400"}

[30-10-2018 12-23-36]   Id:

-------------------------------------------------------------------------------
[30-10-2018 12-25-26]   Item fetched:{"id":"","text":"dfgdfgsdfg","timestamp":"1540803600"}

[30-10-2018 12-25-26]   Id:05924980-1a05-4ab0-a182-b744a524760e
[30-10-2018 12-25-26]   Item fetched:{"id":"","text":"7786755","timestamp":"1540976400"}

[30-10-2018 12-25-26]   Id:df872094-37de-490f-81e2-b35618b52b89
[30-10-2018 12-25-26]   Item fetched:{"id":"","text":"fghfghdfhdfghfgh","timestamp":"1540803600"}

[30-10-2018 12-25-26]   Id:0056e56a-11d2-4a8e-8bb9-e25e588d8ed7
[30-10-2018 12-25-26]   Item fetched:{"id":"","text":"sdfgdfgdfged","timestamp":"1540544400"}

[30-10-2018 12-25-26]   Id:6734434e-681e-4e25-9573-e7f874a7185d
[30-10-2018 12-25-26]   Item fetched:{"id":"","text":"sdfgdfgdfged====","timestamp":"1540544400"}

[30-10-2018 12-25-26]   Id:

-------------------------------------------------------------------------------
[30-10-2018 12-26-32]   Item fetched:{"id":"","text":"dfgdfgsdfg","timestamp":"1540803600"}

[30-10-2018 12-26-32]   Id:05924980-1a05-4ab0-a182-b744a524760e
[30-10-2018 12-26-32]   Item fetched:{"id":"","text":"7786755","timestamp":"1540976400"}

[30-10-2018 12-26-32]   Id:df872094-37de-490f-81e2-b35618b52b89
[30-10-2018 12-26-32]   Item fetched:{"id":"","text":"fghfghdfhdfghfgh","timestamp":"1540803600"}

[30-10-2018 12-26-32]   Id:0056e56a-11d2-4a8e-8bb9-e25e588d8ed7
[30-10-2018 12-26-32]   Item fetched:{"id":"","text":"sdfgdfgdfged","timestamp":"1540544400"}

[30-10-2018 12-26-32]   Id:6734434e-681e-4e25-9573-e7f874a7185d
[30-10-2018 12-26-32]   Item fetched:{"id":"","text":"sdfgdfgdfged====","timestamp":"1540544400"}

[30-10-2018 12-26-32]   Id:

-------------------------------------------------------------------------------
[30-10-2018 12-28-06]   Item fetched:{"id":"","text":"dfgdfgsdfg","timestamp":"1540803600"}

[30-10-2018 12-28-06]   Id:05924980-1a05-4ab0-a182-b744a524760e
[30-10-2018 12-28-06]   Item fetched:{"id":"","text":"7786755","timestamp":"1540976400"}

[30-10-2018 12-28-06]   Id:df872094-37de-490f-81e2-b35618b52b89
[30-10-2018 12-28-06]   Item fetched:{"id":"","text":"fghfghdfhdfghfgh","timestamp":"1540803600"}

[30-10-2018 12-28-06]   Id:0056e56a-11d2-4a8e-8bb9-e25e588d8ed7
[30-10-2018 12-28-06]   Item fetched:{"id":"","text":"sdfgdfgdfged","timestamp":"1540544400"}

[30-10-2018 12-28-06]   Id:6734434e-681e-4e25-9573-e7f874a7185d
[30-10-2018 12-28-06]   Item fetched:{"id":"","text":"sdfgdfgdfged====","timestamp":"1540544400"}

[30-10-2018 12-28-06]   Id:

-------------------------------------------------------------------------------
[30-10-2018 12-28-20]   Item fetched:{"id":"","text":"dfgdfgsdfg","timestamp":"1540803600"}

[30-10-2018 12-28-20]   Id:05924980-1a05-4ab0-a182-b744a524760e
[30-10-2018 12-28-20]   Item fetched:{"id":"","text":"7786755","timestamp":"1540976400"}

[30-10-2018 12-28-20]   Id:df872094-37de-490f-81e2-b35618b52b89
[30-10-2018 12-28-20]   Item fetched:{"id":"","text":"fghfghdfhdfghfgh","timestamp":"1540803600"}

[30-10-2018 12-28-20]   Id:0056e56a-11d2-4a8e-8bb9-e25e588d8ed7
[30-10-2018 12-28-20]   Item fetched:{"id":"","text":"sdfgdfgdfged","timestamp":"1540544400"}

[30-10-2018 12-28-20]   Id:6734434e-681e-4e25-9573-e7f874a7185d
[30-10-2018 12-28-20]   Item fetched:{"id":"","text":"sdfgdfgdfged====","timestamp":"1540544400"}

[30-10-2018 12-28-20]   Id:

-------------------------------------------------------------------------------
[30-10-2018 12-32-14]   Item fetched:{"id":"","text":"dfgdfgsdfg","timestamp":"1540803600"}

[30-10-2018 12-32-14]   Id:05924980-1a05-4ab0-a182-b744a524760e
[30-10-2018 12-32-14]   Item fetched:{"id":"","text":"7786755","timestamp":"1540976400"}

[30-10-2018 12-32-14]   Id:df872094-37de-490f-81e2-b35618b52b89
[30-10-2018 12-32-14]   Item fetched:{"id":"","text":"fghfghdfhdfghfgh","timestamp":"1540803600"}

[30-10-2018 12-32-14]   Id:0056e56a-11d2-4a8e-8bb9-e25e588d8ed7
[30-10-2018 12-32-14]   Item fetched:{"id":"","text":"sdfgdfgdfged","timestamp":"1540544400"}

[30-10-2018 12-32-14]   Id:6734434e-681e-4e25-9573-e7f874a7185d
[30-10-2018 12-32-14]   Item fetched:{"id":"","text":"sdfgdfgdfged====","timestamp":"1540544400"}

[30-10-2018 12-32-14]   Id:
[30-10-2018 12-32-14]   Initializing journal

-------------------------------------------------------------------------------
[30-10-2018 12-33-58]   Item fetched:{"id":"","text":"dfgdfgsdfg","timestamp":"1540803600"}

[30-10-2018 12-33-58]   Id:05924980-1a05-4ab0-a182-b744a524760e
[30-10-2018 12-33-58]   Item fetched:{"id":"","text":"7786755","timestamp":"1540976400"}

[30-10-2018 12-33-58]   Id:df872094-37de-490f-81e2-b35618b52b89
[30-10-2018 12-33-58]   Item fetched:{"id":"","text":"fghfghdfhdfghfgh","timestamp":"1540803600"}

[30-10-2018 12-33-58]   Id:0056e56a-11d2-4a8e-8bb9-e25e588d8ed7
[30-10-2018 12-33-58]   Item fetched:{"id":"","text":"sdfgdfgdfged","timestamp":"1540544400"}

[30-10-2018 12-33-58]   Id:6734434e-681e-4e25-9573-e7f874a7185d
[30-10-2018 12-33-58]   Item fetched:{"id":"","text":"sdfgdfgdfged====","timestamp":"1540544400"}

[30-10-2018 12-33-58]   Id:
[30-10-2018 12-33-58]   Initializing journal

-------------------------------------------------------------------------------
[30-10-2018 12-35-18]   Item fetched:{"id":"","text":"dfgdfgsdfg","timestamp":"1540803600"}

[30-10-2018 12-35-18]   Id:05924980-1a05-4ab0-a182-b744a524760e
[30-10-2018 12-35-18]   Item fetched:{"id":"","text":"7786755","timestamp":"1540976400"}

[30-10-2018 12-35-18]   Id:df872094-37de-490f-81e2-b35618b52b89
[30-10-2018 12-35-18]   Item fetched:{"id":"","text":"fghfghdfhdfghfgh","timestamp":"1540803600"}

[30-10-2018 12-35-18]   Id:0056e56a-11d2-4a8e-8bb9-e25e588d8ed7
[30-10-2018 12-35-18]   Item fetched:{"id":"","text":"sdfgdfgdfged","timestamp":"1540544400"}

[30-10-2018 12-35-18]   Id:6734434e-681e-4e25-9573-e7f874a7185d
[30-10-2018 12-35-18]   Item fetched:{"id":"","text":"sdfgdfgdfged====","timestamp":"1540544400"}

[30-10-2018 12-35-18]   Id:
[30-10-2018 12-35-18]   Initializing journal

-------------------------------------------------------------------------------
[30-10-2018 12-39-27]   Item fetched:{"id":"","text":"dfgdfgsdfg","timestamp":"1540803600"}

[30-10-2018 12-39-27]   Id:05924980-1a05-4ab0-a182-b744a524760e
[30-10-2018 12-39-27]   Item fetched:{"id":"","text":"7786755","timestamp":"1540976400"}

[30-10-2018 12-39-27]   Id:df872094-37de-490f-81e2-b35618b52b89
[30-10-2018 12-39-27]   Item fetched:{"id":"","text":"fghfghdfhdfghfgh","timestamp":"1540803600"}

[30-10-2018 12-39-27]   Id:0056e56a-11d2-4a8e-8bb9-e25e588d8ed7
[30-10-2018 12-39-27]   Item fetched:{"id":"","text":"sdfgdfgdfged","timestamp":"1540544400"}

[30-10-2018 12-39-27]   Id:6734434e-681e-4e25-9573-e7f874a7185d
[30-10-2018 12-39-27]   Item fetched:{"id":"","text":"sdfgdfgdfged====","timestamp":"1540544400"}

[30-10-2018 12-39-27]   Id:
[30-10-2018 12-39-27]   Initializing journal

-------------------------------------------------------------------------------
[30-10-2018 12-41-29]   Item fetched:{"id":"","text":"dfgdfgsdfg","timestamp":"1540803600"}

[30-10-2018 12-41-29]   Id:05924980-1a05-4ab0-a182-b744a524760e
[30-10-2018 12-41-29]   Item fetched:{"id":"","text":"7786755","timestamp":"1540976400"}

[30-10-2018 12-41-29]   Id:df872094-37de-490f-81e2-b35618b52b89
[30-10-2018 12-41-29]   Item fetched:{"id":"","text":"fghfghdfhdfghfgh","timestamp":"1540803600"}

[30-10-2018 12-41-29]   Id:0056e56a-11d2-4a8e-8bb9-e25e588d8ed7
[30-10-2018 12-41-29]   Item fetched:{"id":"","text":"sdfgdfgdfged","timestamp":"1540544400"}

[30-10-2018 12-41-29]   Id:6734434e-681e-4e25-9573-e7f874a7185d
[30-10-2018 12-41-29]   Item fetched:{"id":"","text":"sdfgdfgdfged====","timestamp":"1540544400"}

[30-10-2018 12-41-29]   Id:
[30-10-2018 12-41-29]   Initializing journal

-------------------------------------------------------------------------------
[30-10-2018 12-42-38]   Item fetched:{"id":"","text":"dfgdfgsdfg","timestamp":"1540803600"}

[30-10-2018 12-42-38]   Id:05924980-1a05-4ab0-a182-b744a524760e
[30-10-2018 12-42-38]   Item fetched:{"id":"","text":"7786755","timestamp":"1540976400"}

[30-10-2018 12-42-38]   Id:df872094-37de-490f-81e2-b35618b52b89
[30-10-2018 12-42-38]   Item fetched:{"id":"","text":"fghfghdfhdfghfgh","timestamp":"1540803600"}

[30-10-2018 12-42-38]   Id:0056e56a-11d2-4a8e-8bb9-e25e588d8ed7
[30-10-2018 12-42-38]   Item fetched:{"id":"","text":"sdfgdfgdfged","timestamp":"1540544400"}

[30-10-2018 12-42-38]   Id:6734434e-681e-4e25-9573-e7f874a7185d
[30-10-2018 12-42-38]   Item fetched:{"id":"","text":"sdfgdfgdfged====","timestamp":"1540544400"}

[30-10-2018 12-42-38]   Id:
[30-10-2018 12-42-38]   Initializing journal

-------------------------------------------------------------------------------
[30-10-2018 12-56-28]   Item fetched:{"id":"","text":"dfgdfgsdfg","timestamp":"1540803600"}

[30-10-2018 12-56-28]   Id:05924980-1a05-4ab0-a182-b744a524760e
[30-10-2018 12-56-28]   Item fetched:{"id":"","text":"7786755","timestamp":"1540976400"}

[30-10-2018 12-56-28]   Id:df872094-37de-490f-81e2-b35618b52b89
[30-10-2018 12-56-28]   Item fetched:{"id":"","text":"fghfghdfhdfghfgh","timestamp":"1540803600"}

[30-10-2018 12-56-28]   Id:0056e56a-11d2-4a8e-8bb9-e25e588d8ed7
[30-10-2018 12-56-28]   Item fetched:{"id":"","text":"sdfgdfgdfged","timestamp":"1540544400"}

[30-10-2018 12-56-28]   Id:6734434e-681e-4e25-9573-e7f874a7185d
[30-10-2018 12-56-28]   Item fetched:{"id":"","text":"sdfgdfgdfged====","timestamp":"1540544400"}

[30-10-2018 12-56-28]   Id:
[30-10-2018 12-56-28]   Initializing journal

-------------------------------------------------------------------------------
[30-10-2018 12-58-23]   Item fetched:{"id":"","text":"dfgdfgsdfg","timestamp":"1540803600"}

[30-10-2018 12-58-23]   Id:05924980-1a05-4ab0-a182-b744a524760e
[30-10-2018 12-58-23]   Item fetched:{"id":"","text":"7786755","timestamp":"1540976400"}

[30-10-2018 12-58-23]   Id:df872094-37de-490f-81e2-b35618b52b89
[30-10-2018 12-58-23]   Item fetched:{"id":"","text":"fghfghdfhdfghfgh","timestamp":"1540803600"}

[30-10-2018 12-58-23]   Id:0056e56a-11d2-4a8e-8bb9-e25e588d8ed7
[30-10-2018 12-58-23]   Item fetched:{"id":"","text":"sdfgdfgdfged","timestamp":"1540544400"}

[30-10-2018 12-58-23]   Id:6734434e-681e-4e25-9573-e7f874a7185d
[30-10-2018 12-58-23]   Item fetched:{"id":"","text":"sdfgdfgdfged====","timestamp":"1540544400"}

[30-10-2018 12-58-23]   Id:
[30-10-2018 12-58-23]   Initializing journal

-------------------------------------------------------------------------------
[30-10-2018 13-00-05]   Item fetched:{"id":"","text":"dfgdfgsdfg","timestamp":"1540803600"}

[30-10-2018 13-00-05]   Id:05924980-1a05-4ab0-a182-b744a524760e
[30-10-2018 13-00-05]   Item fetched:{"id":"","text":"7786755","timestamp":"1540976400"}

[30-10-2018 13-00-05]   Id:df872094-37de-490f-81e2-b35618b52b89
[30-10-2018 13-00-05]   Item fetched:{"id":"","text":"fghfghdfhdfghfgh","timestamp":"1540803600"}

[30-10-2018 13-00-05]   Id:0056e56a-11d2-4a8e-8bb9-e25e588d8ed7
[30-10-2018 13-00-05]   Item fetched:{"id":"","text":"sdfgdfgdfged","timestamp":"1540544400"}

[30-10-2018 13-00-05]   Id:6734434e-681e-4e25-9573-e7f874a7185d
[30-10-2018 13-00-05]   Item fetched:{"id":"","text":"sdfgdfgdfged====","timestamp":"1540544400"}

[30-10-2018 13-00-05]   Id:
[30-10-2018 13-00-05]   Initializing journal

-------------------------------------------------------------------------------
[30-10-2018 13-03-27]   Item fetched:{"id":"","text":"dfgdfgsdfg","timestamp":"1540803600"}

[30-10-2018 13-03-27]   Id:05924980-1a05-4ab0-a182-b744a524760e
[30-10-2018 13-03-27]   Item fetched:{"id":"","text":"7786755","timestamp":"1540976400"}

[30-10-2018 13-03-27]   Id:df872094-37de-490f-81e2-b35618b52b89
[30-10-2018 13-03-27]   Item fetched:{"id":"","text":"fghfghdfhdfghfgh","timestamp":"1540803600"}

[30-10-2018 13-03-27]   Id:0056e56a-11d2-4a8e-8bb9-e25e588d8ed7
[30-10-2018 13-03-27]   Item fetched:{"id":"","text":"sdfgdfgdfged","timestamp":"1540544400"}

[30-10-2018 13-03-27]   Id:6734434e-681e-4e25-9573-e7f874a7185d
[30-10-2018 13-03-27]   Item fetched:{"id":"","text":"sdfgdfgdfged====","timestamp":"1540544400"}

[30-10-2018 13-03-27]   Id:
[30-10-2018 13-03-27]   Initializing journal

-------------------------------------------------------------------------------
[30-10-2018 13-16-58]   Item fetched:{"id":"","text":"dfgdfgsdfg","timestamp":"1540803600"}

[30-10-2018 13-16-58]   Id:05924980-1a05-4ab0-a182-b744a524760e
[30-10-2018 13-16-58]   Item fetched:{"id":"","text":"7786755","timestamp":"1540976400"}

[30-10-2018 13-16-58]   Id:df872094-37de-490f-81e2-b35618b52b89
[30-10-2018 13-16-58]   Item fetched:{"id":"","text":"fghfghdfhdfghfgh","timestamp":"1540803600"}

[30-10-2018 13-16-58]   Id:0056e56a-11d2-4a8e-8bb9-e25e588d8ed7
[30-10-2018 13-16-58]   Item fetched:{"id":"","text":"sdfgdfgdfged","timestamp":"1540544400"}

[30-10-2018 13-16-58]   Id:6734434e-681e-4e25-9573-e7f874a7185d
[30-10-2018 13-16-58]   Item fetched:{"id":"","text":"sdfgdfgdfged====","timestamp":"1540544400"}

[30-10-2018 13-16-58]   Id:
[30-10-2018 13-16-58]   Initializing journal

-------------------------------------------------------------------------------
[30-10-2018 13-56-00]   Item fetched:{"id":"","text":"dfgdfgsdfg","timestamp":"1540803600"}

[30-10-2018 13-56-00]   Id:05924980-1a05-4ab0-a182-b744a524760e
[30-10-2018 13-56-00]   Item fetched:{"id":"","text":"7786755","timestamp":"1540976400"}

[30-10-2018 13-56-00]   Id:df872094-37de-490f-81e2-b35618b52b89
[30-10-2018 13-56-00]   Item fetched:{"id":"","text":"fghfghdfhdfghfgh","timestamp":"1540803600"}

[30-10-2018 13-56-00]   Id:0056e56a-11d2-4a8e-8bb9-e25e588d8ed7
[30-10-2018 13-56-00]   Item fetched:{"id":"","text":"sdfgdfgdfged","timestamp":"1540544400"}

[30-10-2018 13-56-00]   Id:6734434e-681e-4e25-9573-e7f874a7185d
[30-10-2018 13-56-00]   Item fetched:{"id":"","text":"sdfgdfgdfged====","timestamp":"1540544400"}

[30-10-2018 13-56-00]   Id:
[30-10-2018 13-56-00]   Initializing journal

-------------------------------------------------------------------------------
[30-10-2018 18-45-30]   Item fetched:{"id":"","text":"dfgdfgsdfg","timestamp":"1540803600"}

[30-10-2018 18-45-30]   Id:05924980-1a05-4ab0-a182-b744a524760e
[30-10-2018 18-45-30]   Item fetched:{"id":"","text":"7786755","timestamp":"1540976400"}

[30-10-2018 18-45-30]   Id:df872094-37de-490f-81e2-b35618b52b89
[30-10-2018 18-45-30]   Item fetched:{"id":"","text":"fghfghdfhdfghfgh","timestamp":"1540803600"}

[30-10-2018 18-45-30]   Id:0056e56a-11d2-4a8e-8bb9-e25e588d8ed7
[30-10-2018 18-45-30]   Item fetched:{"id":"","text":"sdfgdfgdfged","timestamp":"1540544400"}

[30-10-2018 18-45-30]   Id:6734434e-681e-4e25-9573-e7f874a7185d
[30-10-2018 18-45-30]   Item fetched:{"id":"","text":"sdfgdfgdfged====","timestamp":"1540544400"}

[30-10-2018 18-45-30]   Id:
[30-10-2018 18-45-30]   Item fetched:{"id":"4fe33f51-90cd-469f-b48c-42735b5d572b","text":"gdfgdfgdfg","timestamp":"1540458000"}

[30-10-2018 18-45-30]   Id:4fe33f51-90cd-469f-b48c-42735b5d572b
[30-10-2018 18-45-30]   Initializing journal

-------------------------------------------------------------------------------
[30-10-2018 18-46-36]   Item fetched:{"id":"","text":"dfgdfgsdfg","timestamp":"1540803600"}

[30-10-2018 18-46-36]   Id:05924980-1a05-4ab0-a182-b744a524760e
[30-10-2018 18-46-36]   Item fetched:{"id":"","text":"7786755","timestamp":"1540976400"}

[30-10-2018 18-46-36]   Id:df872094-37de-490f-81e2-b35618b52b89
[30-10-2018 18-46-36]   Item fetched:{"id":"","text":"fghfghdfhdfghfgh","timestamp":"1540803600"}

[30-10-2018 18-46-36]   Id:0056e56a-11d2-4a8e-8bb9-e25e588d8ed7
[30-10-2018 18-46-36]   Item fetched:{"id":"","text":"sdfgdfgdfged","timestamp":"1540544400"}

[30-10-2018 18-46-36]   Id:6734434e-681e-4e25-9573-e7f874a7185d
[30-10-2018 18-46-36]   Item fetched:{"id":"","text":"sdfgdfgdfged====","timestamp":"1540544400"}

[30-10-2018 18-46-36]   Id:
[30-10-2018 18-46-36]   Item fetched:{"id":"4fe33f51-90cd-469f-b48c-42735b5d572b","text":"gdfgdfgdfg","timestamp":"1540458000"}

[30-10-2018 18-46-36]   Id:4fe33f51-90cd-469f-b48c-42735b5d572b
[30-10-2018 18-46-36]   Initializing journal

-------------------------------------------------------------------------------
[30-10-2018 18-48-11]   Item fetched:{"id":"","text":"dfgdfgsdfg","timestamp":"1540803600"}

[30-10-2018 18-48-11]   Id:05924980-1a05-4ab0-a182-b744a524760e
[30-10-2018 18-48-11]   Item fetched:{"id":"","text":"7786755","timestamp":"1540976400"}

[30-10-2018 18-48-11]   Id:df872094-37de-490f-81e2-b35618b52b89
[30-10-2018 18-48-11]   Item fetched:{"id":"","text":"fghfghdfhdfghfgh","timestamp":"1540803600"}

[30-10-2018 18-48-11]   Id:0056e56a-11d2-4a8e-8bb9-e25e588d8ed7
[30-10-2018 18-48-11]   Item fetched:{"id":"","text":"sdfgdfgdfged","timestamp":"1540544400"}

[30-10-2018 18-48-11]   Id:6734434e-681e-4e25-9573-e7f874a7185d
[30-10-2018 18-48-11]   Item fetched:{"id":"","text":"sdfgdfgdfged====","timestamp":"1540544400"}

[30-10-2018 18-48-11]   Id:
[30-10-2018 18-48-11]   Item fetched:{"id":"4fe33f51-90cd-469f-b48c-42735b5d572b","text":"gdfgdfgdfg","timestamp":"1540458000"}

[30-10-2018 18-48-11]   Id:4fe33f51-90cd-469f-b48c-42735b5d572b
[30-10-2018 18-48-11]   Initializing journal

-------------------------------------------------------------------------------
[30-10-2018 18-48-51]   Item fetched:{"id":"","text":"dfgdfgsdfg","timestamp":"1540803600"}

[30-10-2018 18-48-51]   Id:05924980-1a05-4ab0-a182-b744a524760e
[30-10-2018 18-48-51]   Item fetched:{"id":"","text":"7786755","timestamp":"1540976400"}

[30-10-2018 18-48-51]   Id:df872094-37de-490f-81e2-b35618b52b89
[30-10-2018 18-48-51]   Item fetched:{"id":"","text":"fghfghdfhdfghfgh","timestamp":"1540803600"}

[30-10-2018 18-48-51]   Id:0056e56a-11d2-4a8e-8bb9-e25e588d8ed7
[30-10-2018 18-48-51]   Item fetched:{"id":"","text":"sdfgdfgdfged","timestamp":"1540544400"}

[30-10-2018 18-48-51]   Id:6734434e-681e-4e25-9573-e7f874a7185d
[30-10-2018 18-48-51]   Item fetched:{"id":"","text":"sdfgdfgdfged====","timestamp":"1540544400"}

[30-10-2018 18-48-51]   Id:
[30-10-2018 18-48-51]   Item fetched:{"id":"4fe33f51-90cd-469f-b48c-42735b5d572b","text":"gdfgdfgdfg","timestamp":"1540458000"}

[30-10-2018 18-48-51]   Id:4fe33f51-90cd-469f-b48c-42735b5d572b
[30-10-2018 18-48-51]   Initializing journal

-------------------------------------------------------------------------------
[30-10-2018 18-50-23]   Item fetched:{"id":"","text":"dfgdfgsdfg","timestamp":"1540803600"}

[30-10-2018 18-50-23]   Id:05924980-1a05-4ab0-a182-b744a524760e
[30-10-2018 18-50-23]   Item fetched:{"id":"","text":"7786755","timestamp":"1540976400"}

[30-10-2018 18-50-23]   Id:df872094-37de-490f-81e2-b35618b52b89
[30-10-2018 18-50-23]   Item fetched:{"id":"","text":"fghfghdfhdfghfgh","timestamp":"1540803600"}

[30-10-2018 18-50-23]   Id:0056e56a-11d2-4a8e-8bb9-e25e588d8ed7
[30-10-2018 18-50-23]   Item fetched:{"id":"","text":"sdfgdfgdfged","timestamp":"1540544400"}

[30-10-2018 18-50-23]   Id:6734434e-681e-4e25-9573-e7f874a7185d
[30-10-2018 18-50-23]   Item fetched:{"id":"","text":"sdfgdfgdfged====","timestamp":"1540544400"}

[30-10-2018 18-50-23]   Id:
[30-10-2018 18-50-23]   Item fetched:{"id":"4fe33f51-90cd-469f-b48c-42735b5d572b","text":"gdfgdfgdfg","timestamp":"1540458000"}

[30-10-2018 18-50-23]   Id:4fe33f51-90cd-469f-b48c-42735b5d572b
[30-10-2018 18-50-23]   Initializing journal

-------------------------------------------------------------------------------
[30-10-2018 18-51-15]   Item fetched:{"id":"","text":"dfgdfgsdfg","timestamp":"1540803600"}

[30-10-2018 18-51-15]   Id:05924980-1a05-4ab0-a182-b744a524760e
[30-10-2018 18-51-15]   Item fetched:{"id":"","text":"7786755","timestamp":"1540976400"}

[30-10-2018 18-51-15]   Id:df872094-37de-490f-81e2-b35618b52b89
[30-10-2018 18-51-15]   Item fetched:{"id":"","text":"fghfghdfhdfghfgh","timestamp":"1540803600"}

[30-10-2018 18-51-15]   Id:0056e56a-11d2-4a8e-8bb9-e25e588d8ed7
[30-10-2018 18-51-15]   Item fetched:{"id":"","text":"sdfgdfgdfged","timestamp":"1540544400"}

[30-10-2018 18-51-15]   Id:6734434e-681e-4e25-9573-e7f874a7185d
[30-10-2018 18-51-15]   Item fetched:{"id":"","text":"sdfgdfgdfged====","timestamp":"1540544400"}

[30-10-2018 18-51-15]   Id:
[30-10-2018 18-51-15]   Item fetched:{"id":"4fe33f51-90cd-469f-b48c-42735b5d572b","text":"gdfgdfgdfg","timestamp":"1540458000"}

[30-10-2018 18-51-15]   Id:4fe33f51-90cd-469f-b48c-42735b5d572b
[30-10-2018 18-51-15]   Initializing journal

-------------------------------------------------------------------------------
[31-10-2018 12-55-17]   Item fetched:{"id":"","text":"dfgdfgsdfg","timestamp":"1540803600"}

[31-10-2018 12-55-17]   Id:05924980-1a05-4ab0-a182-b744a524760e

-------------------------------------------------------------------------------
[31-10-2018 13-33-33]   Initializing journal

-------------------------------------------------------------------------------
[31-10-2018 13-33-49]   Initializing journal

-------------------------------------------------------------------------------
[31-10-2018 13-39-10]   Initializing journal

-------------------------------------------------------------------------------
[23-11-2018 14-31-58]   Fetched tasks for goal: 066a0d53-e570-4bec-afc9-be188188a943, 1
[23-11-2018 14-31-58]   Fetched tasks for goal: 150003b8-a569-4c4a-884d-c5899e12fc68, 1
[23-11-2018 14-31-58]   Fetched tasks for goal: 2ffa71fd-7100-4d77-a2de-aeb3f1ed940b, 0
[23-11-2018 14-31-58]   Fetched tasks for goal: 066a0d53-e570-4bec-afc9-be188188a943, 1
[23-11-2018 14-31-58]   Fetched tasks for goal: 150003b8-a569-4c4a-884d-c5899e12fc68, 1
[23-11-2018 14-31-58]   Fetched tasks for goal: 2ffa71fd-7100-4d77-a2de-aeb3f1ed940b, 0

-------------------------------------------------------------------------------
[23-11-2018 14-39-20]   Fetched tasks for goal: 066a0d53-e570-4bec-afc9-be188188a943, 1
[23-11-2018 14-39-20]   Fetched tasks for goal: 150003b8-a569-4c4a-884d-c5899e12fc68, 1
[23-11-2018 14-39-20]   Fetched tasks for goal: 2ffa71fd-7100-4d77-a2de-aeb3f1ed940b, 0
[23-11-2018 14-39-20]   Fetched tasks for goal: 066a0d53-e570-4bec-afc9-be188188a943, 1
[23-11-2018 14-39-20]   Fetched tasks for goal: 150003b8-a569-4c4a-884d-c5899e12fc68, 1
[23-11-2018 14-39-20]   Fetched tasks for goal: 2ffa71fd-7100-4d77-a2de-aeb3f1ed940b, 0

-------------------------------------------------------------------------------
[23-11-2018 15-13-57]   Fetched tasks for goal: 066a0d53-e570-4bec-afc9-be188188a943, 1
[23-11-2018 15-13-57]   Fetched tasks for goal: 150003b8-a569-4c4a-884d-c5899e12fc68, 1
[23-11-2018 15-13-57]   Fetched tasks for goal: 2ffa71fd-7100-4d77-a2de-aeb3f1ed940b, 0
[23-11-2018 15-13-57]   Fetched tasks for goal: 066a0d53-e570-4bec-afc9-be188188a943, 1
[23-11-2018 15-13-57]   Fetched tasks for goal: 150003b8-a569-4c4a-884d-c5899e12fc68, 1
[23-11-2018 15-13-57]   Fetched tasks for goal: 2ffa71fd-7100-4d77-a2de-aeb3f1ed940b, 0

-------------------------------------------------------------------------------
[23-11-2018 15-18-38]   Fetched tasks for goal: 066a0d53-e570-4bec-afc9-be188188a943, 1
[23-11-2018 15-18-38]   Fetched tasks for goal: 150003b8-a569-4c4a-884d-c5899e12fc68, 1
[23-11-2018 15-18-38]   Fetched tasks for goal: 066a0d53-e570-4bec-afc9-be188188a943, 1
[23-11-2018 15-18-38]   Fetched tasks for goal: 150003b8-a569-4c4a-884d-c5899e12fc68, 1

-------------------------------------------------------------------------------
[23-11-2018 15-19-12]   Fetched tasks for goal: 066a0d53-e570-4bec-afc9-be188188a943, 1
[23-11-2018 15-19-12]   Fetched tasks for goal: 150003b8-a569-4c4a-884d-c5899e12fc68, 1
[23-11-2018 15-19-12]   Fetched tasks for goal: 066a0d53-e570-4bec-afc9-be188188a943, 1
[23-11-2018 15-19-12]   Fetched tasks for goal: 150003b8-a569-4c4a-884d-c5899e12fc68, 1

-------------------------------------------------------------------------------
[23-11-2018 15-23-42]   Fetched tasks for goal: 066a0d53-e570-4bec-afc9-be188188a943, 1
[23-11-2018 15-23-42]   Fetched tasks for goal: 150003b8-a569-4c4a-884d-c5899e12fc68, 1
[23-11-2018 15-23-42]   Fetched tasks for goal: 066a0d53-e570-4bec-afc9-be188188a943, 1
[23-11-2018 15-23-42]   Fetched tasks for goal: 150003b8-a569-4c4a-884d-c5899e12fc68, 1
[23-11-2018 15-23-54]   Fetched tasks for goal: 066a0d53-e570-4bec-afc9-be188188a943, 1
[23-11-2018 15-23-57]   Fetched tasks for goal: 150003b8-a569-4c4a-884d-c5899e12fc68, 1
[23-11-2018 15-24-12]   Fetched tasks for goal: 066a0d53-e570-4bec-afc9-be188188a943, 0
[23-11-2018 15-24-18]   Fetched tasks for goal: 066a0d53-e570-4bec-afc9-be188188a943, 0
[23-11-2018 15-24-18]   Fetched tasks for goal: 150003b8-a569-4c4a-884d-c5899e12fc68, 1
[23-11-2018 15-24-18]   Fetched tasks for goal: 066a0d53-e570-4bec-afc9-be188188a943, 0
[23-11-2018 15-24-18]   Fetched tasks for goal: 150003b8-a569-4c4a-884d-c5899e12fc68, 1

-------------------------------------------------------------------------------
[23-11-2018 15-24-25]   Fetched tasks for goal: 066a0d53-e570-4bec-afc9-be188188a943, 0
[23-11-2018 15-24-25]   Fetched tasks for goal: 150003b8-a569-4c4a-884d-c5899e12fc68, 1
[23-11-2018 15-24-25]   Fetched tasks for goal: 066a0d53-e570-4bec-afc9-be188188a943, 0
[23-11-2018 15-24-25]   Fetched tasks for goal: 150003b8-a569-4c4a-884d-c5899e12fc68, 1

-------------------------------------------------------------------------------
[23-11-2018 15-33-24]   Fetched tasks for goal: 066a0d53-e570-4bec-afc9-be188188a943, 0
[23-11-2018 15-33-24]   Fetched tasks for goal: 150003b8-a569-4c4a-884d-c5899e12fc68, 1
[23-11-2018 15-33-24]   Fetched tasks for goal: 066a0d53-e570-4bec-afc9-be188188a943, 0
[23-11-2018 15-33-24]   Fetched tasks for goal: 150003b8-a569-4c4a-884d-c5899e12fc68, 1
[23-11-2018 15-33-43]   Fetched tasks for goal: 066a0d53-e570-4bec-afc9-be188188a943, 0
[23-11-2018 15-33-43]   Fetched tasks for goal: 150003b8-a569-4c4a-884d-c5899e12fc68, 1
[23-11-2018 15-33-43]   Fetched tasks for goal: 066a0d53-e570-4bec-afc9-be188188a943, 0
[23-11-2018 15-33-43]   Fetched tasks for goal: 150003b8-a569-4c4a-884d-c5899e12fc68, 1

-------------------------------------------------------------------------------
[23-11-2018 15-34-06]   Fetched tasks for goal: 066a0d53-e570-4bec-afc9-be188188a943, 0
[23-11-2018 15-34-06]   Fetched tasks for goal: 150003b8-a569-4c4a-884d-c5899e12fc68, 1
[23-11-2018 15-34-06]   Fetched tasks for goal: 066a0d53-e570-4bec-afc9-be188188a943, 0
[23-11-2018 15-34-06]   Fetched tasks for goal: 150003b8-a569-4c4a-884d-c5899e12fc68, 1
[23-11-2018 15-34-20]   Fetched tasks for goal: 066a0d53-e570-4bec-afc9-be188188a943, 0
[23-11-2018 15-34-20]   Fetched tasks for goal: 150003b8-a569-4c4a-884d-c5899e12fc68, 1
[23-11-2018 15-34-21]   Fetched tasks for goal: 066a0d53-e570-4bec-afc9-be188188a943, 0
[23-11-2018 15-34-21]   Fetched tasks for goal: 150003b8-a569-4c4a-884d-c5899e12fc68, 1

-------------------------------------------------------------------------------
[23-11-2018 15-34-29]   Fetched tasks for goal: 066a0d53-e570-4bec-afc9-be188188a943, 0
[23-11-2018 15-34-29]   Fetched tasks for goal: 150003b8-a569-4c4a-884d-c5899e12fc68, 1
[23-11-2018 15-34-29]   Fetched tasks for goal: 066a0d53-e570-4bec-afc9-be188188a943, 0
[23-11-2018 15-34-29]   Fetched tasks for goal: 150003b8-a569-4c4a-884d-c5899e12fc68, 1

-------------------------------------------------------------------------------
[23-11-2018 18-49-52]   Fetched tasks for goal: 066a0d53-e570-4bec-afc9-be188188a943, 0
[23-11-2018 18-49-52]   Fetched tasks for goal: 150003b8-a569-4c4a-884d-c5899e12fc68, 1
[23-11-2018 18-49-52]   Fetched tasks for goal: 066a0d53-e570-4bec-afc9-be188188a943, 0
[23-11-2018 18-49-52]   Fetched tasks for goal: 150003b8-a569-4c4a-884d-c5899e12fc68, 1

-------------------------------------------------------------------------------
[23-11-2018 19-13-45]   Fetched tasks for goal: 066a0d53-e570-4bec-afc9-be188188a943, 0
[23-11-2018 19-13-45]   Fetched tasks for goal: 150003b8-a569-4c4a-884d-c5899e12fc68, 1
[23-11-2018 19-13-45]   Fetched tasks for goal: 066a0d53-e570-4bec-afc9-be188188a943, 0
[23-11-2018 19-13-45]   Fetched tasks for goal: 150003b8-a569-4c4a-884d-c5899e12fc68, 1

-------------------------------------------------------------------------------
[23-11-2018 19-15-39]   Fetched tasks for goal: 066a0d53-e570-4bec-afc9-be188188a943, 0
[23-11-2018 19-15-39]   Fetched tasks for goal: 150003b8-a569-4c4a-884d-c5899e12fc68, 1
[23-11-2018 19-15-39]   Fetched tasks for goal: 066a0d53-e570-4bec-afc9-be188188a943, 0
[23-11-2018 19-15-39]   Fetched tasks for goal: 150003b8-a569-4c4a-884d-c5899e12fc68, 1

-------------------------------------------------------------------------------
[23-11-2018 19-16-36]   Fetched tasks for goal: 066a0d53-e570-4bec-afc9-be188188a943, 0
[23-11-2018 19-16-36]   Fetched tasks for goal: 150003b8-a569-4c4a-884d-c5899e12fc68, 1
[23-11-2018 19-16-36]   Fetched tasks for goal: 066a0d53-e570-4bec-afc9-be188188a943, 0
[23-11-2018 19-16-36]   Fetched tasks for goal: 150003b8-a569-4c4a-884d-c5899e12fc68, 1
[23-11-2018 19-19-34]   Fetched tasks for goal: 066a0d53-e570-4bec-afc9-be188188a943, 0
[23-11-2018 19-19-34]   Fetched tasks for goal: 150003b8-a569-4c4a-884d-c5899e12fc68, 1
[23-11-2018 19-19-34]   Fetched tasks for goal: 066a0d53-e570-4bec-afc9-be188188a943, 0
[23-11-2018 19-19-34]   Fetched tasks for goal: 150003b8-a569-4c4a-884d-c5899e12fc68, 1
[23-11-2018 19-19-36]   Fetched tasks for goal: 066a0d53-e570-4bec-afc9-be188188a943, 0
[23-11-2018 19-19-36]   Fetched tasks for goal: 150003b8-a569-4c4a-884d-c5899e12fc68, 1
[23-11-2018 19-19-36]   Fetched tasks for goal: 066a0d53-e570-4bec-afc9-be188188a943, 0
[23-11-2018 19-19-36]   Fetched tasks for goal: 150003b8-a569-4c4a-884d-c5899e12fc68, 1
[23-11-2018 19-53-17]   Fetched tasks for goal: 066a0d53-e570-4bec-afc9-be188188a943, 0
[23-11-2018 19-53-17]   Fetched tasks for goal: 150003b8-a569-4c4a-884d-c5899e12fc68, 1
[23-11-2018 19-53-17]   Fetched tasks for goal: 066a0d53-e570-4bec-afc9-be188188a943, 0
[23-11-2018 19-53-17]   Fetched tasks for goal: 150003b8-a569-4c4a-884d-c5899e12fc68, 1
[23-11-2018 19-53-33]   Fetched tasks for goal: 066a0d53-e570-4bec-afc9-be188188a943, 0
[23-11-2018 19-53-33]   Fetched tasks for goal: 150003b8-a569-4c4a-884d-c5899e12fc68, 1
[23-11-2018 19-53-33]   Fetched tasks for goal: 066a0d53-e570-4bec-afc9-be188188a943, 0
[23-11-2018 19-53-33]   Fetched tasks for goal: 150003b8-a569-4c4a-884d-c5899e12fc68, 1
[23-11-2018 19-53-37]   Fetched tasks for goal: 066a0d53-e570-4bec-afc9-be188188a943, 0
[23-11-2018 19-53-37]   Fetched tasks for goal: 150003b8-a569-4c4a-884d-c5899e12fc68, 1
[23-11-2018 19-53-37]   Fetched tasks for goal: 066a0d53-e570-4bec-afc9-be188188a943, 0
[23-11-2018 19-53-37]   Fetched tasks for goal: 150003b8-a569-4c4a-884d-c5899e12fc68, 1
[23-11-2018 19-53-55]   Fetched tasks for goal: 066a0d53-e570-4bec-afc9-be188188a943, 0
[23-11-2018 19-53-55]   Fetched tasks for goal: 150003b8-a569-4c4a-884d-c5899e12fc68, 1
[23-11-2018 19-53-55]   Fetched tasks for goal: 066a0d53-e570-4bec-afc9-be188188a943, 0
[23-11-2018 19-53-55]   Fetched tasks for goal: 150003b8-a569-4c4a-884d-c5899e12fc68, 1

-------------------------------------------------------------------------------
[23-11-2018 19-55-42]   Fetched tasks for goal: 066a0d53-e570-4bec-afc9-be188188a943, 0
[23-11-2018 19-55-42]   Fetched tasks for goal: 150003b8-a569-4c4a-884d-c5899e12fc68, 1
[23-11-2018 19-55-42]   Fetched tasks for goal: 066a0d53-e570-4bec-afc9-be188188a943, 0
[23-11-2018 19-55-42]   Fetched tasks for goal: 150003b8-a569-4c4a-884d-c5899e12fc68, 1

-------------------------------------------------------------------------------
[23-11-2018 19-56-20]   Fetched tasks for goal: 066a0d53-e570-4bec-afc9-be188188a943, 0
[23-11-2018 19-56-20]   Fetched tasks for goal: 150003b8-a569-4c4a-884d-c5899e12fc68, 1
[23-11-2018 19-56-20]   Fetched tasks for goal: 066a0d53-e570-4bec-afc9-be188188a943, 0
[23-11-2018 19-56-20]   Fetched tasks for goal: 150003b8-a569-4c4a-884d-c5899e12fc68, 1

-------------------------------------------------------------------------------
[23-11-2018 20-09-42]   Fetched tasks for goal: 066a0d53-e570-4bec-afc9-be188188a943, 0
[23-11-2018 20-09-42]   Fetched tasks for goal: 150003b8-a569-4c4a-884d-c5899e12fc68, 1
[23-11-2018 20-09-42]   Fetched tasks for goal: 066a0d53-e570-4bec-afc9-be188188a943, 0
[23-11-2018 20-09-42]   Fetched tasks for goal: 150003b8-a569-4c4a-884d-c5899e12fc68, 1
[23-11-2018 20-10-42]   Fetched tasks for goal: 066a0d53-e570-4bec-afc9-be188188a943, 0
[23-11-2018 20-10-42]   Fetched tasks for goal: 150003b8-a569-4c4a-884d-c5899e12fc68, 1
[23-11-2018 20-10-42]   Fetched tasks for goal: 066a0d53-e570-4bec-afc9-be188188a943, 0
[23-11-2018 20-10-42]   Fetched tasks for goal: 150003b8-a569-4c4a-884d-c5899e12fc68, 1

-------------------------------------------------------------------------------
[23-11-2018 20-11-20]   Fetched tasks for goal: 066a0d53-e570-4bec-afc9-be188188a943, 0
[23-11-2018 20-11-20]   Fetched tasks for goal: 150003b8-a569-4c4a-884d-c5899e12fc68, 1
[23-11-2018 20-11-20]   Fetched tasks for goal: 066a0d53-e570-4bec-afc9-be188188a943, 0
[23-11-2018 20-11-20]   Fetched tasks for goal: 150003b8-a569-4c4a-884d-c5899e12fc68, 1
[23-11-2018 20-11-23]   Fetched tasks for goal: 066a0d53-e570-4bec-afc9-be188188a943, 0
[23-11-2018 20-11-23]   Fetched tasks for goal: 150003b8-a569-4c4a-884d-c5899e12fc68, 1
[23-11-2018 20-11-23]   Fetched tasks for goal: 066a0d53-e570-4bec-afc9-be188188a943, 0
[23-11-2018 20-11-23]   Fetched tasks for goal: 150003b8-a569-4c4a-884d-c5899e12fc68, 1
[23-11-2018 20-11-39]   Fetched tasks for goal: 066a0d53-e570-4bec-afc9-be188188a943, 0
[23-11-2018 20-11-39]   Fetched tasks for goal: 150003b8-a569-4c4a-884d-c5899e12fc68, 1
[23-11-2018 20-11-39]   Fetched tasks for goal: 066a0d53-e570-4bec-afc9-be188188a943, 0
[23-11-2018 20-11-39]   Fetched tasks for goal: 150003b8-a569-4c4a-884d-c5899e12fc68, 1
[23-11-2018 20-12-40]   Fetched tasks for goal: 066a0d53-e570-4bec-afc9-be188188a943, 0
[23-11-2018 20-12-40]   Fetched tasks for goal: 150003b8-a569-4c4a-884d-c5899e12fc68, 1
[23-11-2018 20-12-40]   Fetched tasks for goal: 066a0d53-e570-4bec-afc9-be188188a943, 0
[23-11-2018 20-12-40]   Fetched tasks for goal: 150003b8-a569-4c4a-884d-c5899e12fc68, 1
[23-11-2018 20-13-00]   Fetched tasks for goal: 066a0d53-e570-4bec-afc9-be188188a943, 0
[23-11-2018 20-13-00]   Fetched tasks for goal: 150003b8-a569-4c4a-884d-c5899e12fc68, 1
[23-11-2018 20-13-00]   Fetched tasks for goal: 066a0d53-e570-4bec-afc9-be188188a943, 0
[23-11-2018 20-13-00]   Fetched tasks for goal: 150003b8-a569-4c4a-884d-c5899e12fc68, 1
[23-11-2018 20-13-40]   Fetched tasks for goal: 066a0d53-e570-4bec-afc9-be188188a943, 0
[23-11-2018 20-13-40]   Fetched tasks for goal: 150003b8-a569-4c4a-884d-c5899e12fc68, 1
[23-11-2018 20-13-40]   Fetched tasks for goal: 066a0d53-e570-4bec-afc9-be188188a943, 0
[23-11-2018 20-13-40]   Fetched tasks for goal: 150003b8-a569-4c4a-884d-c5899e12fc68, 1
[23-11-2018 20-14-12]   Fetched tasks for goal: 066a0d53-e570-4bec-afc9-be188188a943, 0
[23-11-2018 20-14-12]   Fetched tasks for goal: 150003b8-a569-4c4a-884d-c5899e12fc68, 1
[23-11-2018 20-14-12]   Fetched tasks for goal: 066a0d53-e570-4bec-afc9-be188188a943, 0
[23-11-2018 20-14-12]   Fetched tasks for goal: 150003b8-a569-4c4a-884d-c5899e12fc68, 1

-------------------------------------------------------------------------------
[23-11-2018 20-20-19]   Fetched tasks for goal: 066a0d53-e570-4bec-afc9-be188188a943, 0
[23-11-2018 20-20-19]   Fetched tasks for goal: 150003b8-a569-4c4a-884d-c5899e12fc68, 1
[23-11-2018 20-20-19]   Fetched tasks for goal: 066a0d53-e570-4bec-afc9-be188188a943, 0
[23-11-2018 20-20-19]   Fetched tasks for goal: 150003b8-a569-4c4a-884d-c5899e12fc68, 1
[23-11-2018 20-20-39]   Fetched tasks for goal: 066a0d53-e570-4bec-afc9-be188188a943, 0
[23-11-2018 20-20-39]   Fetched tasks for goal: 150003b8-a569-4c4a-884d-c5899e12fc68, 1

-------------------------------------------------------------------------------
[23-11-2018 20-47-37]   Fetched tasks for goal: 066a0d53-e570-4bec-afc9-be188188a943, 0
[23-11-2018 20-47-37]   Fetched tasks for goal: 150003b8-a569-4c4a-884d-c5899e12fc68, 1
[23-11-2018 20-47-37]   Fetched tasks for goal: 066a0d53-e570-4bec-afc9-be188188a943, 0
[23-11-2018 20-47-37]   Fetched tasks for goal: 150003b8-a569-4c4a-884d-c5899e12fc68, 1

-------------------------------------------------------------------------------
[23-11-2018 20-49-09]   Fetched tasks for goal: 066a0d53-e570-4bec-afc9-be188188a943, 0
[23-11-2018 20-49-09]   Fetched tasks for goal: 150003b8-a569-4c4a-884d-c5899e12fc68, 1
[23-11-2018 20-49-09]   Fetched tasks for goal: 066a0d53-e570-4bec-afc9-be188188a943, 0
[23-11-2018 20-49-09]   Fetched tasks for goal: 150003b8-a569-4c4a-884d-c5899e12fc68, 1

-------------------------------------------------------------------------------
[23-11-2018 20-50-49]   Fetched tasks for goal: 066a0d53-e570-4bec-afc9-be188188a943, 0
[23-11-2018 20-50-49]   Fetched tasks for goal: 150003b8-a569-4c4a-884d-c5899e12fc68, 1
[23-11-2018 20-50-49]   Fetched tasks for goal: 066a0d53-e570-4bec-afc9-be188188a943, 0
[23-11-2018 20-50-49]   Fetched tasks for goal: 150003b8-a569-4c4a-884d-c5899e12fc68, 1
[23-11-2018 20-51-43]   Fetched tasks for goal: 066a0d53-e570-4bec-afc9-be188188a943, 0
[23-11-2018 20-51-43]   Fetched tasks for goal: 150003b8-a569-4c4a-884d-c5899e12fc68, 1
[23-11-2018 20-51-43]   Fetched tasks for goal: 066a0d53-e570-4bec-afc9-be188188a943, 0
[23-11-2018 20-51-43]   Fetched tasks for goal: 150003b8-a569-4c4a-884d-c5899e12fc68, 1
[23-11-2018 20-51-59]   Fetched tasks for goal: 066a0d53-e570-4bec-afc9-be188188a943, 0
[23-11-2018 20-51-59]   Fetched tasks for goal: 150003b8-a569-4c4a-884d-c5899e12fc68, 1
[23-11-2018 20-51-59]   Fetched tasks for goal: 066a0d53-e570-4bec-afc9-be188188a943, 0
[23-11-2018 20-51-59]   Fetched tasks for goal: 150003b8-a569-4c4a-884d-c5899e12fc68, 1
[23-11-2018 20-52-06]   Fetched tasks for goal: 066a0d53-e570-4bec-afc9-be188188a943, 0
[23-11-2018 20-52-06]   Fetched tasks for goal: 150003b8-a569-4c4a-884d-c5899e12fc68, 1
[23-11-2018 20-52-06]   Fetched tasks for goal: 066a0d53-e570-4bec-afc9-be188188a943, 0
[23-11-2018 20-52-06]   Fetched tasks for goal: 150003b8-a569-4c4a-884d-c5899e12fc68, 1

-------------------------------------------------------------------------------
[23-11-2018 20-52-33]   Fetched tasks for goal: 066a0d53-e570-4bec-afc9-be188188a943, 0
[23-11-2018 20-52-33]   Fetched tasks for goal: 150003b8-a569-4c4a-884d-c5899e12fc68, 1
[23-11-2018 20-52-33]   Fetched tasks for goal: 066a0d53-e570-4bec-afc9-be188188a943, 0
[23-11-2018 20-52-33]   Fetched tasks for goal: 150003b8-a569-4c4a-884d-c5899e12fc68, 1

-------------------------------------------------------------------------------
[23-11-2018 20-53-17]   Fetched tasks for goal: 066a0d53-e570-4bec-afc9-be188188a943, 0
[23-11-2018 20-53-17]   Fetched tasks for goal: 150003b8-a569-4c4a-884d-c5899e12fc68, 1
[23-11-2018 20-53-17]   Fetched tasks for goal: 066a0d53-e570-4bec-afc9-be188188a943, 0
[23-11-2018 20-53-17]   Fetched tasks for goal: 150003b8-a569-4c4a-884d-c5899e12fc68, 1

-------------------------------------------------------------------------------
[23-11-2018 20-54-28]   Fetched tasks for goal: 066a0d53-e570-4bec-afc9-be188188a943, 0
[23-11-2018 20-54-28]   Fetched tasks for goal: 150003b8-a569-4c4a-884d-c5899e12fc68, 1
[23-11-2018 20-54-28]   Fetched tasks for goal: 066a0d53-e570-4bec-afc9-be188188a943, 0
[23-11-2018 20-54-28]   Fetched tasks for goal: 150003b8-a569-4c4a-884d-c5899e12fc68, 1
[23-11-2018 20-57-30]   Fetched tasks for goal: 066a0d53-e570-4bec-afc9-be188188a943, 0
[23-11-2018 20-57-30]   Fetched tasks for goal: 150003b8-a569-4c4a-884d-c5899e12fc68, 1
[23-11-2018 20-57-30]   Fetched tasks for goal: 066a0d53-e570-4bec-afc9-be188188a943, 0
[23-11-2018 20-57-30]   Fetched tasks for goal: 150003b8-a569-4c4a-884d-c5899e12fc68, 1

-------------------------------------------------------------------------------
[23-11-2018 21-02-11]   Fetched tasks for goal: 066a0d53-e570-4bec-afc9-be188188a943, 0
[23-11-2018 21-02-11]   Fetched tasks for goal: 150003b8-a569-4c4a-884d-c5899e12fc68, 1
[23-11-2018 21-02-11]   Fetched tasks for goal: 066a0d53-e570-4bec-afc9-be188188a943, 0
[23-11-2018 21-02-11]   Fetched tasks for goal: 150003b8-a569-4c4a-884d-c5899e12fc68, 1

-------------------------------------------------------------------------------
[23-11-2018 21-04-23]   Fetched tasks for goal: 066a0d53-e570-4bec-afc9-be188188a943, 0
[23-11-2018 21-04-23]   Fetched tasks for goal: 150003b8-a569-4c4a-884d-c5899e12fc68, 1
[23-11-2018 21-04-23]   Fetched tasks for goal: 066a0d53-e570-4bec-afc9-be188188a943, 0
[23-11-2018 21-04-23]   Fetched tasks for goal: 150003b8-a569-4c4a-884d-c5899e12fc68, 1

-------------------------------------------------------------------------------
[23-11-2018 21-09-39]   Fetched tasks for goal: 066a0d53-e570-4bec-afc9-be188188a943, 0
[23-11-2018 21-09-39]   Fetched tasks for goal: 150003b8-a569-4c4a-884d-c5899e12fc68, 1
[23-11-2018 21-09-39]   Fetched tasks for goal: 066a0d53-e570-4bec-afc9-be188188a943, 0
[23-11-2018 21-09-39]   Fetched tasks for goal: 150003b8-a569-4c4a-884d-c5899e12fc68, 1
[23-11-2018 21-10-20]   Fetched tasks for goal: 066a0d53-e570-4bec-afc9-be188188a943, 0
[23-11-2018 21-10-20]   Fetched tasks for goal: 150003b8-a569-4c4a-884d-c5899e12fc68, 1
[23-11-2018 21-10-20]   Fetched tasks for goal: 066a0d53-e570-4bec-afc9-be188188a943, 0
[23-11-2018 21-10-20]   Fetched tasks for goal: 150003b8-a569-4c4a-884d-c5899e12fc68, 1
[23-11-2018 21-10-40]   Fetched tasks for goal: 066a0d53-e570-4bec-afc9-be188188a943, 0
[23-11-2018 21-10-40]   Fetched tasks for goal: 150003b8-a569-4c4a-884d-c5899e12fc68, 1
[23-11-2018 21-10-40]   Fetched tasks for goal: 066a0d53-e570-4bec-afc9-be188188a943, 0
[23-11-2018 21-10-40]   Fetched tasks for goal: 150003b8-a569-4c4a-884d-c5899e12fc68, 1
[23-11-2018 21-10-55]   Fetched tasks for goal: 066a0d53-e570-4bec-afc9-be188188a943, 0
[23-11-2018 21-10-55]   Fetched tasks for goal: 150003b8-a569-4c4a-884d-c5899e12fc68, 1
[23-11-2018 21-10-55]   Fetched tasks for goal: 066a0d53-e570-4bec-afc9-be188188a943, 0
[23-11-2018 21-10-55]   Fetched tasks for goal: 150003b8-a569-4c4a-884d-c5899e12fc68, 1
[23-11-2018 21-11-27]   Fetched tasks for goal: 066a0d53-e570-4bec-afc9-be188188a943, 0
[23-11-2018 21-11-27]   Fetched tasks for goal: 150003b8-a569-4c4a-884d-c5899e12fc68, 1
[23-11-2018 21-11-27]   Fetched tasks for goal: 066a0d53-e570-4bec-afc9-be188188a943, 0
[23-11-2018 21-11-27]   Fetched tasks for goal: 150003b8-a569-4c4a-884d-c5899e12fc68, 1

-------------------------------------------------------------------------------
[23-11-2018 21-13-00]   Fetched tasks for goal: 066a0d53-e570-4bec-afc9-be188188a943, 0
[23-11-2018 21-13-00]   Fetched tasks for goal: 150003b8-a569-4c4a-884d-c5899e12fc68, 1
[23-11-2018 21-13-00]   Fetched tasks for goal: 066a0d53-e570-4bec-afc9-be188188a943, 0
[23-11-2018 21-13-00]   Fetched tasks for goal: 150003b8-a569-4c4a-884d-c5899e12fc68, 1

-------------------------------------------------------------------------------
[23-11-2018 21-14-11]   Fetched tasks for goal: 066a0d53-e570-4bec-afc9-be188188a943, 0
[23-11-2018 21-14-11]   Fetched tasks for goal: 150003b8-a569-4c4a-884d-c5899e12fc68, 1
[23-11-2018 21-14-11]   Fetched tasks for goal: 066a0d53-e570-4bec-afc9-be188188a943, 0
[23-11-2018 21-14-11]   Fetched tasks for goal: 150003b8-a569-4c4a-884d-c5899e12fc68, 1

-------------------------------------------------------------------------------
[23-11-2018 21-16-02]   Fetched tasks for goal: 066a0d53-e570-4bec-afc9-be188188a943, 0
[23-11-2018 21-16-02]   Fetched tasks for goal: 150003b8-a569-4c4a-884d-c5899e12fc68, 1
[23-11-2018 21-16-02]   Fetched tasks for goal: 066a0d53-e570-4bec-afc9-be188188a943, 0
[23-11-2018 21-16-02]   Fetched tasks for goal: 150003b8-a569-4c4a-884d-c5899e12fc68, 1

-------------------------------------------------------------------------------
[23-11-2018 21-17-13]   Fetched tasks for goal: 066a0d53-e570-4bec-afc9-be188188a943, 0
[23-11-2018 21-17-13]   Fetched tasks for goal: 150003b8-a569-4c4a-884d-c5899e12fc68, 1
[23-11-2018 21-17-13]   Fetched tasks for goal: 066a0d53-e570-4bec-afc9-be188188a943, 0
[23-11-2018 21-17-13]   Fetched tasks for goal: 150003b8-a569-4c4a-884d-c5899e12fc68, 1

-------------------------------------------------------------------------------
[23-11-2018 21-18-02]   Fetched tasks for goal: 066a0d53-e570-4bec-afc9-be188188a943, 0
[23-11-2018 21-18-02]   Fetched tasks for goal: 150003b8-a569-4c4a-884d-c5899e12fc68, 1
[23-11-2018 21-18-02]   Fetched tasks for goal: 066a0d53-e570-4bec-afc9-be188188a943, 0
[23-11-2018 21-18-02]   Fetched tasks for goal: 150003b8-a569-4c4a-884d-c5899e12fc68, 1
[23-11-2018 21-18-15]   Fetched tasks for goal: 066a0d53-e570-4bec-afc9-be188188a943, 0
[23-11-2018 21-18-15]   Fetched tasks for goal: 150003b8-a569-4c4a-884d-c5899e12fc68, 1
[23-11-2018 21-18-15]   Fetched tasks for goal: 066a0d53-e570-4bec-afc9-be188188a943, 0
[23-11-2018 21-18-15]   Fetched tasks for goal: 150003b8-a569-4c4a-884d-c5899e12fc68, 1

-------------------------------------------------------------------------------
[23-11-2018 21-18-57]   Fetched tasks for goal: 066a0d53-e570-4bec-afc9-be188188a943, 0
[23-11-2018 21-18-57]   Fetched tasks for goal: 150003b8-a569-4c4a-884d-c5899e12fc68, 1
[23-11-2018 21-18-57]   Fetched tasks for goal: 066a0d53-e570-4bec-afc9-be188188a943, 0
[23-11-2018 21-18-57]   Fetched tasks for goal: 150003b8-a569-4c4a-884d-c5899e12fc68, 1
[23-11-2018 21-19-40]   Fetched tasks for goal: 066a0d53-e570-4bec-afc9-be188188a943, 0
[23-11-2018 21-19-40]   Fetched tasks for goal: 150003b8-a569-4c4a-884d-c5899e12fc68, 1
[23-11-2018 21-19-40]   Fetched tasks for goal: 066a0d53-e570-4bec-afc9-be188188a943, 0
[23-11-2018 21-19-40]   Fetched tasks for goal: 150003b8-a569-4c4a-884d-c5899e12fc68, 1
[23-11-2018 21-19-53]   Fetched tasks for goal: 066a0d53-e570-4bec-afc9-be188188a943, 0
[23-11-2018 21-19-53]   Fetched tasks for goal: 150003b8-a569-4c4a-884d-c5899e12fc68, 1
[23-11-2018 21-19-53]   Fetched tasks for goal: 066a0d53-e570-4bec-afc9-be188188a943, 0
[23-11-2018 21-19-53]   Fetched tasks for goal: 150003b8-a569-4c4a-884d-c5899e12fc68, 1
[23-11-2018 21-20-08]   Fetched tasks for goal: 066a0d53-e570-4bec-afc9-be188188a943, 0
[23-11-2018 21-20-08]   Fetched tasks for goal: 150003b8-a569-4c4a-884d-c5899e12fc68, 1
[23-11-2018 21-20-08]   Fetched tasks for goal: 066a0d53-e570-4bec-afc9-be188188a943, 0
[23-11-2018 21-20-08]   Fetched tasks for goal: 150003b8-a569-4c4a-884d-c5899e12fc68, 1
[23-11-2018 21-20-27]   Fetched tasks for goal: 066a0d53-e570-4bec-afc9-be188188a943, 0
[23-11-2018 21-20-27]   Fetched tasks for goal: 150003b8-a569-4c4a-884d-c5899e12fc68, 1
[23-11-2018 21-20-27]   Fetched tasks for goal: 066a0d53-e570-4bec-afc9-be188188a943, 0
[23-11-2018 21-20-27]   Fetched tasks for goal: 150003b8-a569-4c4a-884d-c5899e12fc68, 1
[23-11-2018 21-20-45]   Fetched tasks for goal: 066a0d53-e570-4bec-afc9-be188188a943, 0
[23-11-2018 21-20-45]   Fetched tasks for goal: 150003b8-a569-4c4a-884d-c5899e12fc68, 1
[23-11-2018 21-20-45]   Fetched tasks for goal: 066a0d53-e570-4bec-afc9-be188188a943, 0
[23-11-2018 21-20-45]   Fetched tasks for goal: 150003b8-a569-4c4a-884d-c5899e12fc68, 1
[23-11-2018 21-21-02]   Fetched tasks for goal: 066a0d53-e570-4bec-afc9-be188188a943, 0
[23-11-2018 21-21-02]   Fetched tasks for goal: 150003b8-a569-4c4a-884d-c5899e12fc68, 1
[23-11-2018 21-21-02]   Fetched tasks for goal: 066a0d53-e570-4bec-afc9-be188188a943, 0
[23-11-2018 21-21-02]   Fetched tasks for goal: 150003b8-a569-4c4a-884d-c5899e12fc68, 1

-------------------------------------------------------------------------------
[23-11-2018 21-22-50]   Fetched tasks for goal: 066a0d53-e570-4bec-afc9-be188188a943, 0
[23-11-2018 21-22-50]   Fetched tasks for goal: 150003b8-a569-4c4a-884d-c5899e12fc68, 1
[23-11-2018 21-22-50]   Fetched tasks for goal: 066a0d53-e570-4bec-afc9-be188188a943, 0
[23-11-2018 21-22-50]   Fetched tasks for goal: 150003b8-a569-4c4a-884d-c5899e12fc68, 1
[23-11-2018 21-24-14]   Fetched tasks for goal: 066a0d53-e570-4bec-afc9-be188188a943, 0
[23-11-2018 21-24-14]   Fetched tasks for goal: 150003b8-a569-4c4a-884d-c5899e12fc68, 1
[23-11-2018 21-24-14]   Fetched tasks for goal: 066a0d53-e570-4bec-afc9-be188188a943, 0
[23-11-2018 21-24-14]   Fetched tasks for goal: 150003b8-a569-4c4a-884d-c5899e12fc68, 1

-------------------------------------------------------------------------------
[23-11-2018 21-25-30]   Fetched tasks for goal: 066a0d53-e570-4bec-afc9-be188188a943, 0
[23-11-2018 21-25-30]   Fetched tasks for goal: 150003b8-a569-4c4a-884d-c5899e12fc68, 1
[23-11-2018 21-25-30]   Fetched tasks for goal: 066a0d53-e570-4bec-afc9-be188188a943, 0
[23-11-2018 21-25-30]   Fetched tasks for goal: 150003b8-a569-4c4a-884d-c5899e12fc68, 1
[23-11-2018 21-25-53]   Fetched tasks for goal: 066a0d53-e570-4bec-afc9-be188188a943, 0
[23-11-2018 21-25-53]   Fetched tasks for goal: 150003b8-a569-4c4a-884d-c5899e12fc68, 1
[23-11-2018 21-25-53]   Fetched tasks for goal: 066a0d53-e570-4bec-afc9-be188188a943, 0
[23-11-2018 21-25-53]   Fetched tasks for goal: 150003b8-a569-4c4a-884d-c5899e12fc68, 1

-------------------------------------------------------------------------------
[23-11-2018 21-34-26]   Fetched tasks for goal: 066a0d53-e570-4bec-afc9-be188188a943, 0
[23-11-2018 21-34-26]   Fetched tasks for goal: 150003b8-a569-4c4a-884d-c5899e12fc68, 1
[23-11-2018 21-34-26]   Fetched tasks for goal: 066a0d53-e570-4bec-afc9-be188188a943, 0
[23-11-2018 21-34-26]   Fetched tasks for goal: 150003b8-a569-4c4a-884d-c5899e12fc68, 1
[23-11-2018 21-35-04]   Fetched tasks for goal: 066a0d53-e570-4bec-afc9-be188188a943, 0
[23-11-2018 21-35-04]   Fetched tasks for goal: 150003b8-a569-4c4a-884d-c5899e12fc68, 1
[23-11-2018 21-35-04]   Fetched tasks for goal: 066a0d53-e570-4bec-afc9-be188188a943, 0
[23-11-2018 21-35-04]   Fetched tasks for goal: 150003b8-a569-4c4a-884d-c5899e12fc68, 1
[23-11-2018 21-35-19]   Fetched tasks for goal: 066a0d53-e570-4bec-afc9-be188188a943, 0
[23-11-2018 21-35-19]   Fetched tasks for goal: 150003b8-a569-4c4a-884d-c5899e12fc68, 1
[23-11-2018 21-35-19]   Fetched tasks for goal: 066a0d53-e570-4bec-afc9-be188188a943, 0
[23-11-2018 21-35-19]   Fetched tasks for goal: 150003b8-a569-4c4a-884d-c5899e12fc68, 1

-------------------------------------------------------------------------------
[02-12-2018 18-40-54]   Fetched tasks for goal: 066a0d53-e570-4bec-afc9-be188188a943, 0
[02-12-2018 18-40-54]   Fetched tasks for goal: 150003b8-a569-4c4a-884d-c5899e12fc68, 1
[02-12-2018 18-40-54]   Fetched tasks for goal: 066a0d53-e570-4bec-afc9-be188188a943, 0
[02-12-2018 18-40-54]   Fetched tasks for goal: 150003b8-a569-4c4a-884d-c5899e12fc68, 1

-------------------------------------------------------------------------------
[02-12-2018 18-54-20]   Fetched tasks for goal: 066a0d53-e570-4bec-afc9-be188188a943, 0
[02-12-2018 18-54-20]   Fetched tasks for goal: 150003b8-a569-4c4a-884d-c5899e12fc68, 1
[02-12-2018 18-54-20]   Fetched tasks for goal: 066a0d53-e570-4bec-afc9-be188188a943, 0
[02-12-2018 18-54-20]   Fetched tasks for goal: 150003b8-a569-4c4a-884d-c5899e12fc68, 1

-------------------------------------------------------------------------------
[02-12-2018 20-29-42]   Fetched tasks for goal: 066a0d53-e570-4bec-afc9-be188188a943, 0
[02-12-2018 20-29-42]   Fetched tasks for goal: 150003b8-a569-4c4a-884d-c5899e12fc68, 1
[02-12-2018 20-29-42]   Fetched tasks for goal: 066a0d53-e570-4bec-afc9-be188188a943, 0
[02-12-2018 20-29-42]   Fetched tasks for goal: 150003b8-a569-4c4a-884d-c5899e12fc68, 1
[02-12-2018 20-29-53]   Fetched tasks for goal: 066a0d53-e570-4bec-afc9-be188188a943, 0
[02-12-2018 20-29-53]   Fetched tasks for goal: 150003b8-a569-4c4a-884d-c5899e12fc68, 1
[02-12-2018 20-29-53]   Fetched tasks for goal: 066a0d53-e570-4bec-afc9-be188188a943, 0
[02-12-2018 20-29-53]   Fetched tasks for goal: 150003b8-a569-4c4a-884d-c5899e12fc68, 1

-------------------------------------------------------------------------------
[02-12-2018 20-30-04]   Fetched tasks for goal: 066a0d53-e570-4bec-afc9-be188188a943, 0
[02-12-2018 20-30-04]   Fetched tasks for goal: 150003b8-a569-4c4a-884d-c5899e12fc68, 1
[02-12-2018 20-30-04]   Fetched tasks for goal: 066a0d53-e570-4bec-afc9-be188188a943, 0
[02-12-2018 20-30-04]   Fetched tasks for goal: 150003b8-a569-4c4a-884d-c5899e12fc68, 1

-------------------------------------------------------------------------------
[02-12-2018 20-37-23]   Fetched tasks for goal: 066a0d53-e570-4bec-afc9-be188188a943, 0
[02-12-2018 20-37-23]   Fetched tasks for goal: 150003b8-a569-4c4a-884d-c5899e12fc68, 1
[02-12-2018 20-37-23]   Fetched tasks for goal: 066a0d53-e570-4bec-afc9-be188188a943, 0
[02-12-2018 20-37-23]   Fetched tasks for goal: 150003b8-a569-4c4a-884d-c5899e12fc68, 1

-------------------------------------------------------------------------------
[02-12-2018 20-38-18]   Fetched tasks for goal: 066a0d53-e570-4bec-afc9-be188188a943, 0
[02-12-2018 20-38-18]   Fetched tasks for goal: 150003b8-a569-4c4a-884d-c5899e12fc68, 1
[02-12-2018 20-38-18]   Fetched tasks for goal: 066a0d53-e570-4bec-afc9-be188188a943, 0
[02-12-2018 20-38-18]   Fetched tasks for goal: 150003b8-a569-4c4a-884d-c5899e12fc68, 1

-------------------------------------------------------------------------------
[02-12-2018 20-39-35]   Fetched tasks for goal: 066a0d53-e570-4bec-afc9-be188188a943, 0
[02-12-2018 20-39-35]   Fetched tasks for goal: 150003b8-a569-4c4a-884d-c5899e12fc68, 1
[02-12-2018 20-39-35]   Fetched tasks for goal: 066a0d53-e570-4bec-afc9-be188188a943, 0
[02-12-2018 20-39-35]   Fetched tasks for goal: 150003b8-a569-4c4a-884d-c5899e12fc68, 1
[02-12-2018 20-39-44]   Fetched tasks for goal: 066a0d53-e570-4bec-afc9-be188188a943, 0
[02-12-2018 20-39-44]   Fetched tasks for goal: 150003b8-a569-4c4a-884d-c5899e12fc68, 1
[02-12-2018 20-39-44]   Fetched tasks for goal: 066a0d53-e570-4bec-afc9-be188188a943, 0
[02-12-2018 20-39-44]   Fetched tasks for goal: 150003b8-a569-4c4a-884d-c5899e12fc68, 1

-------------------------------------------------------------------------------
[02-12-2018 20-39-52]   Fetched tasks for goal: 066a0d53-e570-4bec-afc9-be188188a943, 0
[02-12-2018 20-39-52]   Fetched tasks for goal: 150003b8-a569-4c4a-884d-c5899e12fc68, 1
[02-12-2018 20-39-52]   Fetched tasks for goal: 066a0d53-e570-4bec-afc9-be188188a943, 0
[02-12-2018 20-39-52]   Fetched tasks for goal: 150003b8-a569-4c4a-884d-c5899e12fc68, 1

-------------------------------------------------------------------------------
[02-12-2018 21-31-38]   Fetched tasks for goal: 066a0d53-e570-4bec-afc9-be188188a943, 0
[02-12-2018 21-31-38]   Fetched tasks for goal: 150003b8-a569-4c4a-884d-c5899e12fc68, 1
[02-12-2018 21-31-38]   Fetched tasks for goal: 066a0d53-e570-4bec-afc9-be188188a943, 0
[02-12-2018 21-31-38]   Fetched tasks for goal: 150003b8-a569-4c4a-884d-c5899e12fc68, 1
[02-12-2018 21-31-51]   Fetched tasks for goal: 066a0d53-e570-4bec-afc9-be188188a943, 0
[02-12-2018 21-31-51]   Fetched tasks for goal: 150003b8-a569-4c4a-884d-c5899e12fc68, 1
[02-12-2018 21-31-51]   Fetched tasks for goal: 066a0d53-e570-4bec-afc9-be188188a943, 0
[02-12-2018 21-31-51]   Fetched tasks for goal: 150003b8-a569-4c4a-884d-c5899e12fc68, 1
[02-12-2018 21-31-59]   Fetched tasks for goal: 066a0d53-e570-4bec-afc9-be188188a943, 0
[02-12-2018 21-31-59]   Fetched tasks for goal: 150003b8-a569-4c4a-884d-c5899e12fc68, 1
[02-12-2018 21-31-59]   Fetched tasks for goal: 066a0d53-e570-4bec-afc9-be188188a943, 0
[02-12-2018 21-31-59]   Fetched tasks for goal: 150003b8-a569-4c4a-884d-c5899e12fc68, 1

-------------------------------------------------------------------------------
[02-12-2018 21-32-08]   Fetched tasks for goal: 066a0d53-e570-4bec-afc9-be188188a943, 0
[02-12-2018 21-32-08]   Fetched tasks for goal: 150003b8-a569-4c4a-884d-c5899e12fc68, 1
[02-12-2018 21-32-08]   Fetched tasks for goal: 066a0d53-e570-4bec-afc9-be188188a943, 0
[02-12-2018 21-32-08]   Fetched tasks for goal: 150003b8-a569-4c4a-884d-c5899e12fc68, 1

-------------------------------------------------------------------------------
[02-12-2018 21-33-08]   Fetched tasks for goal: 066a0d53-e570-4bec-afc9-be188188a943, 0
[02-12-2018 21-33-08]   Fetched tasks for goal: 150003b8-a569-4c4a-884d-c5899e12fc68, 1
[02-12-2018 21-33-08]   Fetched tasks for goal: 066a0d53-e570-4bec-afc9-be188188a943, 0
[02-12-2018 21-33-08]   Fetched tasks for goal: 150003b8-a569-4c4a-884d-c5899e12fc68, 1
[02-12-2018 21-33-20]   Fetched tasks for goal: 066a0d53-e570-4bec-afc9-be188188a943, 0
[02-12-2018 21-33-20]   Fetched tasks for goal: 150003b8-a569-4c4a-884d-c5899e12fc68, 1
[02-12-2018 21-33-20]   Fetched tasks for goal: 066a0d53-e570-4bec-afc9-be188188a943, 0
[02-12-2018 21-33-20]   Fetched tasks for goal: 150003b8-a569-4c4a-884d-c5899e12fc68, 1
